#
# There is insufficient memory for the Java Runtime Environment to continue.
# Native memory allocation (mmap) failed to map 65536 bytes for Failed to commit metaspace.
# Possible reasons:
#   The system is out of physical RAM or swap space
#   The process is running with CompressedOops enabled, and the Java Heap may be blocking the growth of the native heap
# Possible solutions:
#   Reduce memory load on the system
#   Increase physical memory or swap space
#   Check if swap backing store is full
#   Decrease Java heap size (-Xmx/-Xms)
#   Decrease number of Java threads
#   Decrease Java thread stack sizes (-Xss)
#   Set larger code cache with -XX:ReservedCodeCacheSize=
#   JVM is running with Unscaled Compressed Oops mode in which the Java heap is
#     placed in the first 4GB address space. The Java Heap base address is the
#     maximum limit for the native heap growth. Please use -XX:HeapBaseMinAddress
#     to set the Java Heap base and to place the Java Heap above 4GB virtual address.
# This output file may be truncated or incomplete.
#
#  Out of Memory Error (virtualSpaceNode.cpp:110), pid=5156, tid=5548
#
# JRE version: Java(TM) SE Runtime Environment (17.0+35) (build 17+35-LTS-2724)
# Java VM: Java HotSpot(TM) 64-Bit Server VM (17+35-LTS-2724, mixed mode, sharing, tiered, compressed oops, compressed class ptrs, g1 gc, windows-amd64)
# No core dump will be written. Minidumps are not enabled by default on client versions of Windows
#

---------------  S U M M A R Y ------------

Command Line: -javaagent:D:\InstslledSoftware\JAVA Intelij IDEA\IntelliJ IDEA Community Edition 2024.2\lib\idea_rt.jar=9370:D:\InstslledSoftware\JAVA Intelij IDEA\IntelliJ IDEA Community Edition 2024.2\bin -Dfile.encoding=UTF-8 main.Main

Host: Intel(R) Core(TM) i5-1035G1 CPU @ 1.00GHz, 8 cores, 7G,  Windows 10 , 64 bit Build 19041 (10.0.19041.4717)
Time: Tue Sep  3 18:28:44 2024 India Standard Time elapsed time: 0.250169 seconds (0d 0h 0m 0s)

---------------  T H R E A D  ---------------

Current thread (0x00000125faef5ea0):  JavaThread "main" [_thread_in_vm, id=5548, stack(0x0000000617500000,0x0000000617600000)]

Stack: [0x0000000617500000,0x0000000617600000]
Native frames: (J=compiled Java code, j=interpreted, Vv=VM code, C=native code)
V  [jvm.dll+0x66f8ea]
V  [jvm.dll+0x7ce224]
V  [jvm.dll+0x7cf9ce]
V  [jvm.dll+0x7d0033]
V  [jvm.dll+0x242bb5]
V  [jvm.dll+0x7ca1cb]
V  [jvm.dll+0x615a46]
V  [jvm.dll+0x1be28e]
V  [jvm.dll+0x618381]
V  [jvm.dll+0x6163e6]
V  [jvm.dll+0x238546]
V  [jvm.dll+0x1e885d]
V  [jvm.dll+0x1de2e1]
V  [jvm.dll+0x5375c0]
V  [jvm.dll+0x74971d]
V  [jvm.dll+0x74967a]
V  [jvm.dll+0x408f64]
V  [jvm.dll+0x41c6cb]
C  [java.dll+0x1657]

Java frames: (J=compiled Java code, j=interpreted, Vv=VM code)
j  java.lang.ClassLoader.defineClass0(Ljava/lang/ClassLoader;Ljava/lang/Class;Ljava/lang/String;[BIILjava/security/ProtectionDomain;ZILjava/lang/Object;)Ljava/lang/Class;+0 java.base@17
j  java.lang.System$2.defineClass(Ljava/lang/ClassLoader;Ljava/lang/Class;Ljava/lang/String;[BLjava/security/ProtectionDomain;ZILjava/lang/Object;)Ljava/lang/Class;+17 java.base@17
j  java.lang.invoke.MethodHandles$Lookup$ClassDefiner.defineClass(ZLjava/lang/Object;)Ljava/lang/Class;+54 java.base@17
j  java.lang.invoke.InvokerBytecodeGenerator.loadMethod([B)Ljava/lang/invoke/MemberName;+16 java.base@17
j  java.lang.invoke.InvokerBytecodeGenerator.generateCustomizedCode(Ljava/lang/invoke/LambdaForm;Ljava/lang/invoke/MethodType;)Ljava/lang/invoke/MemberName;+30 java.base@17
j  java.lang.invoke.LambdaForm.compileToBytecode()V+69 java.base@17
j  java.lang.invoke.LambdaForm.prepare()V+21 java.base@17
j  java.lang.invoke.MethodHandle.<init>(Ljava/lang/invoke/MethodType;Ljava/lang/invoke/LambdaForm;)V+33 java.base@17
j  java.lang.invoke.BoundMethodHandle.<init>(Ljava/lang/invoke/MethodType;Ljava/lang/invoke/LambdaForm;)V+3 java.base@17
j  java.lang.invoke.BoundMethodHandle$Species_LLLLLL.<init>(Ljava/lang/invoke/MethodType;Ljava/lang/invoke/LambdaForm;Ljava/lang/Object;Ljava/lang/Object;Ljava/lang/Object;Ljava/lang/Object;Ljava/lang/Object;Ljava/lang/Object;)V+3 java.base@17
j  java.lang.invoke.BoundMethodHandle$Species_LLLLLL.make(Ljava/lang/invoke/MethodType;Ljava/lang/invoke/LambdaForm;Ljava/lang/Object;Ljava/lang/Object;Ljava/lang/Object;Ljava/lang/Object;Ljava/lang/Object;Ljava/lang/Object;)Ljava/lang/invoke/BoundMethodHandle;+16 java.base@17
j  java.lang.invoke.DirectMethodHandle$Holder.invokeStatic(Ljava/lang/Object;Ljava/lang/Object;Ljava/lang/Object;Ljava/lang/Object;Ljava/lang/Object;Ljava/lang/Object;Ljava/lang/Object;Ljava/lang/Object;Ljava/lang/Object;)Ljava/lang/Object;+24 java.base@17
j  java.lang.invoke.BoundMethodHandle$Species_LLLLL.copyWithExtendL(Ljava/lang/invoke/MethodType;Ljava/lang/invoke/LambdaForm;Ljava/lang/Object;)Ljava/lang/invoke/BoundMethodHandle;+30 java.base@17
j  java.lang.invoke.MethodHandles.argumentsWithCombiner(ZLjava/lang/invoke/MethodHandle;ILjava/lang/invoke/MethodHandle;[I)Ljava/lang/invoke/MethodHandle;+122 java.base@17
j  java.lang.invoke.MethodHandles.filterArgumentsWithCombiner(Ljava/lang/invoke/MethodHandle;ILjava/lang/invoke/MethodHandle;[I)Ljava/lang/invoke/MethodHandle;+5 java.base@17
j  java.lang.invoke.StringConcatFactory.generateMHInlineCopy(Ljava/lang/invoke/MethodType;Ljava/util/List;)Ljava/lang/invoke/MethodHandle;+514 java.base@17
j  java.lang.invoke.StringConcatFactory.makeConcatWithConstants(Ljava/lang/invoke/MethodHandles$Lookup;Ljava/lang/String;Ljava/lang/invoke/MethodType;Ljava/lang/String;[Ljava/lang/Object;)Ljava/lang/invoke/CallSite;+220 java.base@17
j  java.lang.invoke.DirectMethodHandle$Holder.invokeStatic(Ljava/lang/Object;Ljava/lang/Object;Ljava/lang/Object;Ljava/lang/Object;Ljava/lang/Object;Ljava/lang/Object;)Ljava/lang/Object;+18 java.base@17
j  java.lang.invoke.DelegatingMethodHandle$Holder.delegate(Ljava/lang/Object;Ljava/lang/Object;Ljava/lang/Object;Ljava/lang/Object;Ljava/lang/Object;Ljava/lang/Object;)Ljava/lang/Object;+21 java.base@17
j  java.lang.invoke.Invokers$Holder.invokeExact_MT(Ljava/lang/Object;Ljava/lang/Object;Ljava/lang/Object;Ljava/lang/Object;Ljava/lang/Object;Ljava/lang/Object;Ljava/lang/Object;)Ljava/lang/Object;+26 java.base@17
j  java.lang.invoke.BootstrapMethodInvoker.invoke(Ljava/lang/Class;Ljava/lang/invoke/MethodHandle;Ljava/lang/String;Ljava/lang/Object;Ljava/lang/Object;Ljava/lang/Class;)Ljava/lang/Object;+157 java.base@17
j  java.lang.invoke.CallSite.makeSite(Ljava/lang/invoke/MethodHandle;Ljava/lang/String;Ljava/lang/invoke/MethodType;Ljava/lang/Object;Ljava/lang/Class;)Ljava/lang/invoke/CallSite;+8 java.base@17
j  java.lang.invoke.MethodHandleNatives.linkCallSiteImpl(Ljava/lang/Class;Ljava/lang/invoke/MethodHandle;Ljava/lang/String;Ljava/lang/invoke/MethodType;Ljava/lang/Object;[Ljava/lang/Object;)Ljava/lang/invoke/MemberName;+6 java.base@17
j  java.lang.invoke.MethodHandleNatives.linkCallSite(Ljava/lang/Object;ILjava/lang/Object;Ljava/lang/Object;Ljava/lang/Object;Ljava/lang/Object;[Ljava/lang/Object;)Ljava/lang/invoke/MemberName;+46 java.base@17
v  ~StubRoutines::call_stub
j  java.awt.Toolkit$1.run()Ljava/lang/String;+74 java.desktop@17
j  java.awt.Toolkit$1.run()Ljava/lang/Object;+1 java.desktop@17
j  java.security.AccessController.executePrivileged(Ljava/security/PrivilegedAction;Ljava/security/AccessControlContext;Ljava/lang/Class;)Ljava/lang/Object;+29 java.base@17
j  java.security.AccessController.doPrivileged(Ljava/security/PrivilegedAction;)Ljava/lang/Object;+5 java.base@17
j  java.awt.Toolkit.initAssistiveTechnologies()V+21 java.desktop@17
j  java.awt.Toolkit.initStatic()V+24 java.desktop@17
j  java.awt.Toolkit.<clinit>()V+20 java.desktop@17
v  ~StubRoutines::call_stub
j  java.awt.Component.<clinit>()V+93 java.desktop@17
v  ~StubRoutines::call_stub
j  main.Main.main([Ljava/lang/String;)V+0
v  ~StubRoutines::call_stub

---------------  P R O C E S S  ---------------

Threads class SMR info:
_java_thread_list=0x00000125999bae60, length=13, elements={
0x00000125faef5ea0, 0x0000012598dd03e0, 0x0000012598dd0ca0, 0x0000012598de4cf0,
0x0000012598de55b0, 0x0000012598de86a0, 0x0000012598de9570, 0x0000012598defa90,
0x0000012598df8470, 0x0000012598df91a0, 0x0000012598db9c80, 0x00000125999c0770,
0x00000125999c0c40
}

Java Threads: ( => current thread )
=>0x00000125faef5ea0 JavaThread "main" [_thread_in_vm, id=5548, stack(0x0000000617500000,0x0000000617600000)]
  0x0000012598dd03e0 JavaThread "Reference Handler" daemon [_thread_blocked, id=20656, stack(0x0000000617c00000,0x0000000617d00000)]
  0x0000012598dd0ca0 JavaThread "Finalizer" daemon [_thread_blocked, id=10104, stack(0x0000000617d00000,0x0000000617e00000)]
  0x0000012598de4cf0 JavaThread "Signal Dispatcher" daemon [_thread_blocked, id=19248, stack(0x0000000617e00000,0x0000000617f00000)]
  0x0000012598de55b0 JavaThread "Attach Listener" daemon [_thread_blocked, id=3276, stack(0x0000000617f00000,0x0000000618000000)]
  0x0000012598de86a0 JavaThread "Service Thread" daemon [_thread_blocked, id=9452, stack(0x0000000618000000,0x0000000618100000)]
  0x0000012598de9570 JavaThread "Monitor Deflation Thread" daemon [_thread_blocked, id=5696, stack(0x0000000618100000,0x0000000618200000)]
  0x0000012598defa90 JavaThread "C2 CompilerThread0" daemon [_thread_blocked, id=7792, stack(0x0000000618200000,0x0000000618300000)]
  0x0000012598df8470 JavaThread "C1 CompilerThread0" daemon [_thread_blocked, id=2604, stack(0x0000000618300000,0x0000000618400000)]
  0x0000012598df91a0 JavaThread "Sweeper thread" daemon [_thread_blocked, id=15136, stack(0x0000000618400000,0x0000000618500000)]
  0x0000012598db9c80 JavaThread "Common-Cleaner" daemon [_thread_blocked, id=21588, stack(0x0000000618500000,0x0000000618600000)]
  0x00000125999c0770 JavaThread "Monitor Ctrl-Break" daemon [_thread_in_native, id=6208, stack(0x0000000618600000,0x0000000618700000)]
  0x00000125999c0c40 JavaThread "Notification Thread" daemon [_thread_blocked, id=12720, stack(0x0000000618700000,0x0000000618800000)]

Other Threads:
  0x0000012598dc7710 VMThread "VM Thread" [stack: 0x0000000617b00000,0x0000000617c00000] [id=25308]
  0x00000125faf57370 WatcherThread [stack: 0x0000000618800000,0x0000000618900000] [id=18152]
  0x00000125faf338d0 GCTaskThread "GC Thread#0" [stack: 0x0000000617600000,0x0000000617700000] [id=24764]
  0x00000125faf44db0 ConcurrentGCThread "G1 Main Marker" [stack: 0x0000000617700000,0x0000000617800000] [id=24368]
  0x00000125faf46e80 ConcurrentGCThread "G1 Conc#0" [stack: 0x0000000617800000,0x0000000617900000] [id=11700]
  0x00000125fafbfea0 ConcurrentGCThread "G1 Refine#0" [stack: 0x0000000617900000,0x0000000617a00000] [id=24828]
  0x00000125fafc07d0 ConcurrentGCThread "G1 Service" [stack: 0x0000000617a00000,0x0000000617b00000] [id=18872]

Threads with active compile tasks:

VM state: not at safepoint (normal execution)

VM Mutex/Monitor currently owned by a thread:  ([mutex/lock_event])
[0x00000125faeedbb0] Metaspace_lock - owner thread: 0x00000125faef5ea0

Heap address: 0x0000000084c00000, size: 1972 MB, Compressed Oops mode: 32-bit

CDS archive(s) mapped at: [0x0000000800000000-0x0000000800bc0000-0x0000000800bc0000), size 12320768, SharedBaseAddress: 0x0000000800000000, ArchiveRelocationMode: 0.
Compressed class space mapped at: 0x0000000800c00000-0x0000000840c00000, reserved size: 1073741824
Narrow klass base: 0x0000000800000000, Narrow klass shift: 0, Narrow klass range: 0x100000000

GC Precious Log:
 CPUs: 8 total, 8 available
 Memory: 7883M
 Large Page Support: Disabled
 NUMA Support: Disabled
 Compressed Oops: Enabled (32-bit)
 Heap Region Size: 1M
 Heap Min Capacity: 8M
 Heap Initial Capacity: 124M
 Heap Max Capacity: 1972M
 Pre-touch: Disabled
 Parallel Workers: 8
 Concurrent Workers: 2
 Concurrent Refinement Workers: 8
 Periodic GC: Disabled

Heap:
 garbage-first heap   total 126976K, used 2048K [0x0000000084c00000, 0x0000000100000000)
  region size 1024K, 3 young (3072K), 0 survivors (0K)
 Metaspace       used 1414K, committed 1536K, reserved 1056768K
  class space    used 120K, committed 192K, reserved 1048576K

Heap Regions: E=young(eden), S=young(survivor), O=old, HS=humongous(starts), HC=humongous(continues), CS=collection set, F=free, OA=open archive, CA=closed archive, TAMS=top-at-mark-start (previous, next)
|   0|0x0000000084c00000, 0x0000000084c00000, 0x0000000084d00000|  0%| F|  |TAMS 0x0000000084c00000, 0x0000000084c00000| Untracked 
|   1|0x0000000084d00000, 0x0000000084d00000, 0x0000000084e00000|  0%| F|  |TAMS 0x0000000084d00000, 0x0000000084d00000| Untracked 
|   2|0x0000000084e00000, 0x0000000084e00000, 0x0000000084f00000|  0%| F|  |TAMS 0x0000000084e00000, 0x0000000084e00000| Untracked 
|   3|0x0000000084f00000, 0x0000000084f00000, 0x0000000085000000|  0%| F|  |TAMS 0x0000000084f00000, 0x0000000084f00000| Untracked 
|   4|0x0000000085000000, 0x0000000085000000, 0x0000000085100000|  0%| F|  |TAMS 0x0000000085000000, 0x0000000085000000| Untracked 
|   5|0x0000000085100000, 0x0000000085100000, 0x0000000085200000|  0%| F|  |TAMS 0x0000000085100000, 0x0000000085100000| Untracked 
|   6|0x0000000085200000, 0x0000000085200000, 0x0000000085300000|  0%| F|  |TAMS 0x0000000085200000, 0x0000000085200000| Untracked 
|   7|0x0000000085300000, 0x0000000085300000, 0x0000000085400000|  0%| F|  |TAMS 0x0000000085300000, 0x0000000085300000| Untracked 
|   8|0x0000000085400000, 0x0000000085400000, 0x0000000085500000|  0%| F|  |TAMS 0x0000000085400000, 0x0000000085400000| Untracked 
|   9|0x0000000085500000, 0x0000000085500000, 0x0000000085600000|  0%| F|  |TAMS 0x0000000085500000, 0x0000000085500000| Untracked 
|  10|0x0000000085600000, 0x0000000085600000, 0x0000000085700000|  0%| F|  |TAMS 0x0000000085600000, 0x0000000085600000| Untracked 
|  11|0x0000000085700000, 0x0000000085700000, 0x0000000085800000|  0%| F|  |TAMS 0x0000000085700000, 0x0000000085700000| Untracked 
|  12|0x0000000085800000, 0x0000000085800000, 0x0000000085900000|  0%| F|  |TAMS 0x0000000085800000, 0x0000000085800000| Untracked 
|  13|0x0000000085900000, 0x0000000085900000, 0x0000000085a00000|  0%| F|  |TAMS 0x0000000085900000, 0x0000000085900000| Untracked 
|  14|0x0000000085a00000, 0x0000000085a00000, 0x0000000085b00000|  0%| F|  |TAMS 0x0000000085a00000, 0x0000000085a00000| Untracked 
|  15|0x0000000085b00000, 0x0000000085b00000, 0x0000000085c00000|  0%| F|  |TAMS 0x0000000085b00000, 0x0000000085b00000| Untracked 
|  16|0x0000000085c00000, 0x0000000085c00000, 0x0000000085d00000|  0%| F|  |TAMS 0x0000000085c00000, 0x0000000085c00000| Untracked 
|  17|0x0000000085d00000, 0x0000000085d00000, 0x0000000085e00000|  0%| F|  |TAMS 0x0000000085d00000, 0x0000000085d00000| Untracked 
|  18|0x0000000085e00000, 0x0000000085e00000, 0x0000000085f00000|  0%| F|  |TAMS 0x0000000085e00000, 0x0000000085e00000| Untracked 
|  19|0x0000000085f00000, 0x0000000085f00000, 0x0000000086000000|  0%| F|  |TAMS 0x0000000085f00000, 0x0000000085f00000| Untracked 
|  20|0x0000000086000000, 0x0000000086000000, 0x0000000086100000|  0%| F|  |TAMS 0x0000000086000000, 0x0000000086000000| Untracked 
|  21|0x0000000086100000, 0x0000000086100000, 0x0000000086200000|  0%| F|  |TAMS 0x0000000086100000, 0x0000000086100000| Untracked 
|  22|0x0000000086200000, 0x0000000086200000, 0x0000000086300000|  0%| F|  |TAMS 0x0000000086200000, 0x0000000086200000| Untracked 
|  23|0x0000000086300000, 0x0000000086300000, 0x0000000086400000|  0%| F|  |TAMS 0x0000000086300000, 0x0000000086300000| Untracked 
|  24|0x0000000086400000, 0x0000000086400000, 0x0000000086500000|  0%| F|  |TAMS 0x0000000086400000, 0x0000000086400000| Untracked 
|  25|0x0000000086500000, 0x0000000086500000, 0x0000000086600000|  0%| F|  |TAMS 0x0000000086500000, 0x0000000086500000| Untracked 
|  26|0x0000000086600000, 0x0000000086600000, 0x0000000086700000|  0%| F|  |TAMS 0x0000000086600000, 0x0000000086600000| Untracked 
|  27|0x0000000086700000, 0x0000000086700000, 0x0000000086800000|  0%| F|  |TAMS 0x0000000086700000, 0x0000000086700000| Untracked 
|  28|0x0000000086800000, 0x0000000086800000, 0x0000000086900000|  0%| F|  |TAMS 0x0000000086800000, 0x0000000086800000| Untracked 
|  29|0x0000000086900000, 0x0000000086900000, 0x0000000086a00000|  0%| F|  |TAMS 0x0000000086900000, 0x0000000086900000| Untracked 
|  30|0x0000000086a00000, 0x0000000086a00000, 0x0000000086b00000|  0%| F|  |TAMS 0x0000000086a00000, 0x0000000086a00000| Untracked 
|  31|0x0000000086b00000, 0x0000000086b00000, 0x0000000086c00000|  0%| F|  |TAMS 0x0000000086b00000, 0x0000000086b00000| Untracked 
|  32|0x0000000086c00000, 0x0000000086c00000, 0x0000000086d00000|  0%| F|  |TAMS 0x0000000086c00000, 0x0000000086c00000| Untracked 
|  33|0x0000000086d00000, 0x0000000086d00000, 0x0000000086e00000|  0%| F|  |TAMS 0x0000000086d00000, 0x0000000086d00000| Untracked 
|  34|0x0000000086e00000, 0x0000000086e00000, 0x0000000086f00000|  0%| F|  |TAMS 0x0000000086e00000, 0x0000000086e00000| Untracked 
|  35|0x0000000086f00000, 0x0000000086f00000, 0x0000000087000000|  0%| F|  |TAMS 0x0000000086f00000, 0x0000000086f00000| Untracked 
|  36|0x0000000087000000, 0x0000000087000000, 0x0000000087100000|  0%| F|  |TAMS 0x0000000087000000, 0x0000000087000000| Untracked 
|  37|0x0000000087100000, 0x0000000087100000, 0x0000000087200000|  0%| F|  |TAMS 0x0000000087100000, 0x0000000087100000| Untracked 
|  38|0x0000000087200000, 0x0000000087200000, 0x0000000087300000|  0%| F|  |TAMS 0x0000000087200000, 0x0000000087200000| Untracked 
|  39|0x0000000087300000, 0x0000000087300000, 0x0000000087400000|  0%| F|  |TAMS 0x0000000087300000, 0x0000000087300000| Untracked 
|  40|0x0000000087400000, 0x0000000087400000, 0x0000000087500000|  0%| F|  |TAMS 0x0000000087400000, 0x0000000087400000| Untracked 
|  41|0x0000000087500000, 0x0000000087500000, 0x0000000087600000|  0%| F|  |TAMS 0x0000000087500000, 0x0000000087500000| Untracked 
|  42|0x0000000087600000, 0x0000000087600000, 0x0000000087700000|  0%| F|  |TAMS 0x0000000087600000, 0x0000000087600000| Untracked 
|  43|0x0000000087700000, 0x0000000087700000, 0x0000000087800000|  0%| F|  |TAMS 0x0000000087700000, 0x0000000087700000| Untracked 
|  44|0x0000000087800000, 0x0000000087800000, 0x0000000087900000|  0%| F|  |TAMS 0x0000000087800000, 0x0000000087800000| Untracked 
|  45|0x0000000087900000, 0x0000000087900000, 0x0000000087a00000|  0%| F|  |TAMS 0x0000000087900000, 0x0000000087900000| Untracked 
|  46|0x0000000087a00000, 0x0000000087a00000, 0x0000000087b00000|  0%| F|  |TAMS 0x0000000087a00000, 0x0000000087a00000| Untracked 
|  47|0x0000000087b00000, 0x0000000087b00000, 0x0000000087c00000|  0%| F|  |TAMS 0x0000000087b00000, 0x0000000087b00000| Untracked 
|  48|0x0000000087c00000, 0x0000000087c00000, 0x0000000087d00000|  0%| F|  |TAMS 0x0000000087c00000, 0x0000000087c00000| Untracked 
|  49|0x0000000087d00000, 0x0000000087d00000, 0x0000000087e00000|  0%| F|  |TAMS 0x0000000087d00000, 0x0000000087d00000| Untracked 
|  50|0x0000000087e00000, 0x0000000087e00000, 0x0000000087f00000|  0%| F|  |TAMS 0x0000000087e00000, 0x0000000087e00000| Untracked 
|  51|0x0000000087f00000, 0x0000000087f00000, 0x0000000088000000|  0%| F|  |TAMS 0x0000000087f00000, 0x0000000087f00000| Untracked 
|  52|0x0000000088000000, 0x0000000088000000, 0x0000000088100000|  0%| F|  |TAMS 0x0000000088000000, 0x0000000088000000| Untracked 
|  53|0x0000000088100000, 0x0000000088100000, 0x0000000088200000|  0%| F|  |TAMS 0x0000000088100000, 0x0000000088100000| Untracked 
|  54|0x0000000088200000, 0x0000000088200000, 0x0000000088300000|  0%| F|  |TAMS 0x0000000088200000, 0x0000000088200000| Untracked 
|  55|0x0000000088300000, 0x0000000088300000, 0x0000000088400000|  0%| F|  |TAMS 0x0000000088300000, 0x0000000088300000| Untracked 
|  56|0x0000000088400000, 0x0000000088400000, 0x0000000088500000|  0%| F|  |TAMS 0x0000000088400000, 0x0000000088400000| Untracked 
|  57|0x0000000088500000, 0x0000000088500000, 0x0000000088600000|  0%| F|  |TAMS 0x0000000088500000, 0x0000000088500000| Untracked 
|  58|0x0000000088600000, 0x0000000088600000, 0x0000000088700000|  0%| F|  |TAMS 0x0000000088600000, 0x0000000088600000| Untracked 
|  59|0x0000000088700000, 0x0000000088700000, 0x0000000088800000|  0%| F|  |TAMS 0x0000000088700000, 0x0000000088700000| Untracked 
|  60|0x0000000088800000, 0x0000000088800000, 0x0000000088900000|  0%| F|  |TAMS 0x0000000088800000, 0x0000000088800000| Untracked 
|  61|0x0000000088900000, 0x0000000088900000, 0x0000000088a00000|  0%| F|  |TAMS 0x0000000088900000, 0x0000000088900000| Untracked 
|  62|0x0000000088a00000, 0x0000000088a00000, 0x0000000088b00000|  0%| F|  |TAMS 0x0000000088a00000, 0x0000000088a00000| Untracked 
|  63|0x0000000088b00000, 0x0000000088b00000, 0x0000000088c00000|  0%| F|  |TAMS 0x0000000088b00000, 0x0000000088b00000| Untracked 
|  64|0x0000000088c00000, 0x0000000088c00000, 0x0000000088d00000|  0%| F|  |TAMS 0x0000000088c00000, 0x0000000088c00000| Untracked 
|  65|0x0000000088d00000, 0x0000000088d00000, 0x0000000088e00000|  0%| F|  |TAMS 0x0000000088d00000, 0x0000000088d00000| Untracked 
|  66|0x0000000088e00000, 0x0000000088e00000, 0x0000000088f00000|  0%| F|  |TAMS 0x0000000088e00000, 0x0000000088e00000| Untracked 
|  67|0x0000000088f00000, 0x0000000088f00000, 0x0000000089000000|  0%| F|  |TAMS 0x0000000088f00000, 0x0000000088f00000| Untracked 
|  68|0x0000000089000000, 0x0000000089000000, 0x0000000089100000|  0%| F|  |TAMS 0x0000000089000000, 0x0000000089000000| Untracked 
|  69|0x0000000089100000, 0x0000000089100000, 0x0000000089200000|  0%| F|  |TAMS 0x0000000089100000, 0x0000000089100000| Untracked 
|  70|0x0000000089200000, 0x0000000089200000, 0x0000000089300000|  0%| F|  |TAMS 0x0000000089200000, 0x0000000089200000| Untracked 
|  71|0x0000000089300000, 0x0000000089300000, 0x0000000089400000|  0%| F|  |TAMS 0x0000000089300000, 0x0000000089300000| Untracked 
|  72|0x0000000089400000, 0x0000000089400000, 0x0000000089500000|  0%| F|  |TAMS 0x0000000089400000, 0x0000000089400000| Untracked 
|  73|0x0000000089500000, 0x0000000089500000, 0x0000000089600000|  0%| F|  |TAMS 0x0000000089500000, 0x0000000089500000| Untracked 
|  74|0x0000000089600000, 0x0000000089600000, 0x0000000089700000|  0%| F|  |TAMS 0x0000000089600000, 0x0000000089600000| Untracked 
|  75|0x0000000089700000, 0x0000000089700000, 0x0000000089800000|  0%| F|  |TAMS 0x0000000089700000, 0x0000000089700000| Untracked 
|  76|0x0000000089800000, 0x0000000089800000, 0x0000000089900000|  0%| F|  |TAMS 0x0000000089800000, 0x0000000089800000| Untracked 
|  77|0x0000000089900000, 0x0000000089900000, 0x0000000089a00000|  0%| F|  |TAMS 0x0000000089900000, 0x0000000089900000| Untracked 
|  78|0x0000000089a00000, 0x0000000089a00000, 0x0000000089b00000|  0%| F|  |TAMS 0x0000000089a00000, 0x0000000089a00000| Untracked 
|  79|0x0000000089b00000, 0x0000000089b00000, 0x0000000089c00000|  0%| F|  |TAMS 0x0000000089b00000, 0x0000000089b00000| Untracked 
|  80|0x0000000089c00000, 0x0000000089c00000, 0x0000000089d00000|  0%| F|  |TAMS 0x0000000089c00000, 0x0000000089c00000| Untracked 
|  81|0x0000000089d00000, 0x0000000089d00000, 0x0000000089e00000|  0%| F|  |TAMS 0x0000000089d00000, 0x0000000089d00000| Untracked 
|  82|0x0000000089e00000, 0x0000000089e00000, 0x0000000089f00000|  0%| F|  |TAMS 0x0000000089e00000, 0x0000000089e00000| Untracked 
|  83|0x0000000089f00000, 0x0000000089f00000, 0x000000008a000000|  0%| F|  |TAMS 0x0000000089f00000, 0x0000000089f00000| Untracked 
|  84|0x000000008a000000, 0x000000008a000000, 0x000000008a100000|  0%| F|  |TAMS 0x000000008a000000, 0x000000008a000000| Untracked 
|  85|0x000000008a100000, 0x000000008a100000, 0x000000008a200000|  0%| F|  |TAMS 0x000000008a100000, 0x000000008a100000| Untracked 
|  86|0x000000008a200000, 0x000000008a200000, 0x000000008a300000|  0%| F|  |TAMS 0x000000008a200000, 0x000000008a200000| Untracked 
|  87|0x000000008a300000, 0x000000008a300000, 0x000000008a400000|  0%| F|  |TAMS 0x000000008a300000, 0x000000008a300000| Untracked 
|  88|0x000000008a400000, 0x000000008a400000, 0x000000008a500000|  0%| F|  |TAMS 0x000000008a400000, 0x000000008a400000| Untracked 
|  89|0x000000008a500000, 0x000000008a500000, 0x000000008a600000|  0%| F|  |TAMS 0x000000008a500000, 0x000000008a500000| Untracked 
|  90|0x000000008a600000, 0x000000008a600000, 0x000000008a700000|  0%| F|  |TAMS 0x000000008a600000, 0x000000008a600000| Untracked 
|  91|0x000000008a700000, 0x000000008a700000, 0x000000008a800000|  0%| F|  |TAMS 0x000000008a700000, 0x000000008a700000| Untracked 
|  92|0x000000008a800000, 0x000000008a800000, 0x000000008a900000|  0%| F|  |TAMS 0x000000008a800000, 0x000000008a800000| Untracked 
|  93|0x000000008a900000, 0x000000008a900000, 0x000000008aa00000|  0%| F|  |TAMS 0x000000008a900000, 0x000000008a900000| Untracked 
|  94|0x000000008aa00000, 0x000000008aa00000, 0x000000008ab00000|  0%| F|  |TAMS 0x000000008aa00000, 0x000000008aa00000| Untracked 
|  95|0x000000008ab00000, 0x000000008ab00000, 0x000000008ac00000|  0%| F|  |TAMS 0x000000008ab00000, 0x000000008ab00000| Untracked 
|  96|0x000000008ac00000, 0x000000008ac00000, 0x000000008ad00000|  0%| F|  |TAMS 0x000000008ac00000, 0x000000008ac00000| Untracked 
|  97|0x000000008ad00000, 0x000000008ad00000, 0x000000008ae00000|  0%| F|  |TAMS 0x000000008ad00000, 0x000000008ad00000| Untracked 
|  98|0x000000008ae00000, 0x000000008ae00000, 0x000000008af00000|  0%| F|  |TAMS 0x000000008ae00000, 0x000000008ae00000| Untracked 
|  99|0x000000008af00000, 0x000000008af00000, 0x000000008b000000|  0%| F|  |TAMS 0x000000008af00000, 0x000000008af00000| Untracked 
| 100|0x000000008b000000, 0x000000008b000000, 0x000000008b100000|  0%| F|  |TAMS 0x000000008b000000, 0x000000008b000000| Untracked 
| 101|0x000000008b100000, 0x000000008b100000, 0x000000008b200000|  0%| F|  |TAMS 0x000000008b100000, 0x000000008b100000| Untracked 
| 102|0x000000008b200000, 0x000000008b200000, 0x000000008b300000|  0%| F|  |TAMS 0x000000008b200000, 0x000000008b200000| Untracked 
| 103|0x000000008b300000, 0x000000008b300000, 0x000000008b400000|  0%| F|  |TAMS 0x000000008b300000, 0x000000008b300000| Untracked 
| 104|0x000000008b400000, 0x000000008b400000, 0x000000008b500000|  0%| F|  |TAMS 0x000000008b400000, 0x000000008b400000| Untracked 
| 105|0x000000008b500000, 0x000000008b500000, 0x000000008b600000|  0%| F|  |TAMS 0x000000008b500000, 0x000000008b500000| Untracked 
| 106|0x000000008b600000, 0x000000008b600000, 0x000000008b700000|  0%| F|  |TAMS 0x000000008b600000, 0x000000008b600000| Untracked 
| 107|0x000000008b700000, 0x000000008b700000, 0x000000008b800000|  0%| F|  |TAMS 0x000000008b700000, 0x000000008b700000| Untracked 
| 108|0x000000008b800000, 0x000000008b800000, 0x000000008b900000|  0%| F|  |TAMS 0x000000008b800000, 0x000000008b800000| Untracked 
| 109|0x000000008b900000, 0x000000008b900000, 0x000000008ba00000|  0%| F|  |TAMS 0x000000008b900000, 0x000000008b900000| Untracked 
| 110|0x000000008ba00000, 0x000000008ba00000, 0x000000008bb00000|  0%| F|  |TAMS 0x000000008ba00000, 0x000000008ba00000| Untracked 
| 111|0x000000008bb00000, 0x000000008bb00000, 0x000000008bc00000|  0%| F|  |TAMS 0x000000008bb00000, 0x000000008bb00000| Untracked 
| 112|0x000000008bc00000, 0x000000008bc00000, 0x000000008bd00000|  0%| F|  |TAMS 0x000000008bc00000, 0x000000008bc00000| Untracked 
| 113|0x000000008bd00000, 0x000000008bd00000, 0x000000008be00000|  0%| F|  |TAMS 0x000000008bd00000, 0x000000008bd00000| Untracked 
| 114|0x000000008be00000, 0x000000008be00000, 0x000000008bf00000|  0%| F|  |TAMS 0x000000008be00000, 0x000000008be00000| Untracked 
| 115|0x000000008bf00000, 0x000000008bf00000, 0x000000008c000000|  0%| F|  |TAMS 0x000000008bf00000, 0x000000008bf00000| Untracked 
| 116|0x000000008c000000, 0x000000008c000000, 0x000000008c100000|  0%| F|  |TAMS 0x000000008c000000, 0x000000008c000000| Untracked 
| 117|0x000000008c100000, 0x000000008c100000, 0x000000008c200000|  0%| F|  |TAMS 0x000000008c100000, 0x000000008c100000| Untracked 
| 118|0x000000008c200000, 0x000000008c200000, 0x000000008c300000|  0%| F|  |TAMS 0x000000008c200000, 0x000000008c200000| Untracked 
| 119|0x000000008c300000, 0x000000008c300000, 0x000000008c400000|  0%| F|  |TAMS 0x000000008c300000, 0x000000008c300000| Untracked 
| 120|0x000000008c400000, 0x000000008c400000, 0x000000008c500000|  0%| F|  |TAMS 0x000000008c400000, 0x000000008c400000| Untracked 
| 121|0x000000008c500000, 0x000000008c5ec480, 0x000000008c600000| 92%| E|  |TAMS 0x000000008c500000, 0x000000008c500000| Complete 
| 122|0x000000008c600000, 0x000000008c700000, 0x000000008c700000|100%| E|CS|TAMS 0x000000008c600000, 0x000000008c600000| Complete 
| 123|0x000000008c700000, 0x000000008c800000, 0x000000008c800000|100%| E|CS|TAMS 0x000000008c700000, 0x000000008c700000| Complete 

Card table byte_map: [0x00000125fb6e0000,0x00000125fbac0000] _byte_map_base: 0x00000125fb2ba000

Marking Bits (Prev, Next): (CMBitMap*) 0x00000125faf34e00, (CMBitMap*) 0x00000125faf34e40
 Prev Bits: [0x00000125fbea0000, 0x00000125fdd70000)
 Next Bits: [0x00000125fdd70000, 0x00000125ffc40000)

Polling page: 0x00000125f8e80000

Metaspace:

Usage:
  Non-class:      1.26 MB used.
      Class:    120.37 KB used.
       Both:      1.38 MB used.

Virtual space:
  Non-class space:        8.00 MB reserved,       1.31 MB ( 16%) committed,  1 nodes.
      Class space:        1.00 GB reserved,     192.00 KB ( <1%) committed,  1 nodes.
             Both:        1.01 GB reserved,       1.50 MB ( <1%) committed. 

Chunk freelists:
   Non-Class:  3.94 MB
       Class:  3.72 MB
        Both:  7.66 MB

MaxMetaspaceSize: unlimited
CompressedClassSpaceSize: 1.00 GB
Initial GC threshold: 21.00 MB
Current GC threshold: 21.00 MB
CDS: on
MetaspaceReclaimPolicy: balanced
 - commit_granule_bytes: 65536.
 - commit_granule_words: 8192.
 - virtual_space_node_default_size: 1048576.
 - enlarge_chunks_in_place: 1.
 - new_chunks_are_fully_committed: 0.
 - uncommit_free_chunks: 1.
 - use_allocation_guard: 0.
 - handle_deallocations: 1.


Internal statistics:

num_allocs_failed_limit: 0.
num_arena_births: 42.
num_arena_deaths: 0.
num_vsnodes_births: 2.
num_vsnodes_deaths: 0.
num_space_committed: 24.
num_space_uncommitted: 0.
num_chunks_returned_to_freelist: 0.
num_chunks_taken_from_freelist: 45.
num_chunk_merges: 0.
num_chunk_splits: 32.
num_chunks_enlarged: 21.
num_purges: 0.
num_inconsistent_stats: 0.

CodeHeap 'non-profiled nmethods': size=120000Kb used=100Kb max_used=100Kb free=119899Kb
 bounds [0x000001258f200000, 0x000001258f470000, 0x0000012596730000]
CodeHeap 'profiled nmethods': size=120000Kb used=368Kb max_used=368Kb free=119632Kb
 bounds [0x0000012587cd0000, 0x0000012587f40000, 0x000001258f200000]
CodeHeap 'non-nmethods': size=5760Kb used=1133Kb max_used=1147Kb free=4626Kb
 bounds [0x0000012587730000, 0x00000125879a0000, 0x0000012587cd0000]
 total_blobs=703 nmethods=299 adapters=317
 compilation: enabled
              stopped_count=0, restarted_count=0
 full_count=0

Compilation events (20 events):
Event: 0.243 Thread 0x0000012598df8470 nmethod 286 0x0000012587d26a10 code [0x0000012587d26bc0, 0x0000012587d26e38]
Event: 0.243 Thread 0x0000012598df8470  285       1       java.lang.invoke.LambdaForm$Name::type (5 bytes)
Event: 0.243 Thread 0x0000012598df8470 nmethod 285 0x000001258f218890 code [0x000001258f218a20, 0x000001258f218af8]
Event: 0.243 Thread 0x0000012598df8470  287       3       java.lang.invoke.LambdaForm::parameterType (9 bytes)
Event: 0.244 Thread 0x0000012598df8470 nmethod 287 0x0000012587d26f10 code [0x0000012587d270c0, 0x0000012587d27208]
Event: 0.244 Thread 0x0000012598df8470  289       3       java.util.ImmutableCollections$ListN::size (6 bytes)
Event: 0.244 Thread 0x0000012598df8470 nmethod 289 0x0000012587d27310 code [0x0000012587d274a0, 0x0000012587d275b8]
Event: 0.244 Thread 0x0000012598df8470  290       3       jdk.internal.org.objectweb.asm.ByteVector::put12 (64 bytes)
Event: 0.244 Thread 0x0000012598df8470 nmethod 290 0x0000012587d27690 code [0x0000012587d27840, 0x0000012587d27a68]
Event: 0.244 Thread 0x0000012598df8470  292       3       jdk.internal.org.objectweb.asm.Frame::push (109 bytes)
Event: 0.245 Thread 0x0000012598df8470 nmethod 292 0x0000012587d27c10 code [0x0000012587d27de0, 0x0000012587d28368]
Event: 0.245 Thread 0x0000012598df8470  294       3       jdk.internal.org.objectweb.asm.SymbolTable::addType (81 bytes)
Event: 0.245 Thread 0x0000012598df8470 nmethod 294 0x0000012587d28510 code [0x0000012587d28720, 0x0000012587d28c78]
Event: 0.246 Thread 0x0000012598df8470  295       3       java.util.ImmutableCollections$ListN::get (7 bytes)
Event: 0.246 Thread 0x0000012598df8470 nmethod 295 0x0000012587d28f10 code [0x0000012587d290a0, 0x0000012587d291d8]
Event: 0.246 Thread 0x0000012598df8470  291       3       jdk.internal.org.objectweb.asm.Frame::pop (42 bytes)
Event: 0.246 Thread 0x0000012598df8470 nmethod 291 0x0000012587d29290 code [0x0000012587d29440, 0x0000012587d295f8]
Event: 0.246 Thread 0x0000012598df8470  296       3       java.lang.invoke.LambdaForm$Name::<init> (44 bytes)
Event: 0.247 Thread 0x0000012598df8470 nmethod 296 0x0000012587d29710 code [0x0000012587d29920, 0x0000012587d29ee8]
Event: 0.247 Thread 0x0000012598df8470  299       3       jdk.internal.org.objectweb.asm.MethodWriter::visitVarInsn (302 bytes)

GC Heap History (0 events):
No events

Deoptimization events (0 events):
No events

Classes unloaded (0 events):
No events

Classes redefined (0 events):
No events

Internal exceptions (4 events):
Event: 0.178 Thread 0x00000125999c0770 Exception <a 'java/lang/NoSuchMethodError'{0x000000008c6f07f0}: 'java.lang.Object java.lang.invoke.DirectMethodHandle$Holder.invokeStaticInit(java.lang.Object)'> (0x000000008c6f07f0) 
thrown [t:\workspace\open\src\hotspot\share\interpreter\linkResolver.cpp, line 766]
Event: 0.189 Thread 0x00000125999c0770 Exception <a 'java/lang/NoSuchMethodError'{0x000000008c6fe4b0}: 'void java.lang.invoke.DirectMethodHandle$Holder.invokeStatic(java.lang.Object, java.lang.Object)'> (0x000000008c6fe4b0) 
thrown [t:\workspace\open\src\hotspot\share\interpreter\linkResolver.cpp, line 766]
Event: 0.201 Thread 0x00000125faef5ea0 Exception <a 'java/lang/ClassNotFoundException'{0x000000008c6d8e10}: sun/awt/resources/spi/awtProvider> (0x000000008c6d8e10) 
thrown [t:\workspace\open\src\hotspot\share\classfile\systemDictionary.cpp, line 256]
Event: 0.241 Thread 0x00000125faef5ea0 Exception <a 'java/io/FileNotFoundException'{0x000000008c5b7410}> (0x000000008c5b7410) 
thrown [t:\workspace\open\src\hotspot\share\prims\jni.cpp, line 516]

VM Operations (4 events):
Event: 0.108 Executing VM operation: HandshakeAllThreads
Event: 0.108 Executing VM operation: HandshakeAllThreads done
Event: 0.163 Executing VM operation: HandshakeAllThreads
Event: 0.176 Executing VM operation: HandshakeAllThreads done

Events (20 events):
Event: 0.208 loading class sun/awt/resources/awt done
Event: 0.208 loading class java/util/ResourceBundle$BundleReference
Event: 0.209 loading class java/util/ResourceBundle$BundleReference done
Event: 0.209 loading class sun/awt/resources/awt_en
Event: 0.209 loading class sun/awt/resources/awt_en done
Event: 0.209 loading class sun/awt/resources/awt_en
Event: 0.209 loading class sun/awt/resources/awt_en done
Event: 0.211 loading class sun/awt/resources/awt_en_US
Event: 0.211 loading class sun/awt/resources/awt_en_US done
Event: 0.211 loading class sun/awt/resources/awt_en_US
Event: 0.211 loading class sun/awt/resources/awt_en_US done
Event: 0.211 loading class java/awt/Toolkit$2
Event: 0.212 loading class java/awt/Toolkit$2 done
Event: 0.219 Loaded shared library C:\Program Files\Java\jdk-17\bin\awt.dll
Event: 0.220 loading class java/awt/Toolkit$1
Event: 0.220 loading class java/awt/Toolkit$1 done
Event: 0.241 loading class java/io/FileNotFoundException
Event: 0.241 loading class java/io/IOException
Event: 0.241 loading class java/io/IOException done
Event: 0.241 loading class java/io/FileNotFoundException done


Dynamic libraries:
0x00007ff6f61e0000 - 0x00007ff6f61f0000 	C:\Program Files\Java\jdk-17\bin\java.exe
0x00007ff821570000 - 0x00007ff821768000 	C:\Windows\SYSTEM32\ntdll.dll
0x00007ff8211a0000 - 0x00007ff821261000 	C:\Windows\System32\KERNEL32.DLL
0x00007ff81ec20000 - 0x00007ff81ef1d000 	C:\Windows\System32\KERNELBASE.dll
0x00007ff81ef20000 - 0x00007ff81f020000 	C:\Windows\System32\ucrtbase.dll
0x00007ff816be0000 - 0x00007ff816bf8000 	C:\Program Files\Java\jdk-17\bin\jli.dll
0x00007ff816860000 - 0x00007ff81687a000 	C:\Program Files\Java\jdk-17\bin\VCRUNTIME140.dll
0x00007ff81f5a0000 - 0x00007ff81f650000 	C:\Windows\System32\ADVAPI32.dll
0x00007ff820830000 - 0x00007ff8208ce000 	C:\Windows\System32\msvcrt.dll
0x00007ff820170000 - 0x00007ff820210000 	C:\Windows\System32\sechost.dll
0x00007ff820350000 - 0x00007ff820473000 	C:\Windows\System32\RPCRT4.dll
0x00007ff81f570000 - 0x00007ff81f597000 	C:\Windows\System32\bcrypt.dll
0x00007ff821390000 - 0x00007ff82152d000 	C:\Windows\System32\USER32.dll
0x00007ff81f2f0000 - 0x00007ff81f312000 	C:\Windows\System32\win32u.dll
0x00007ff805980000 - 0x00007ff805c1a000 	C:\Windows\WinSxS\amd64_microsoft.windows.common-controls_6595b64144ccf1df_6.0.19041.4355_none_60b8b9eb71f62e16\COMCTL32.dll
0x00007ff821170000 - 0x00007ff82119b000 	C:\Windows\System32\GDI32.dll
0x00007ff81f0b0000 - 0x00007ff81f1c7000 	C:\Windows\System32\gdi32full.dll
0x00007ff81f4d0000 - 0x00007ff81f56d000 	C:\Windows\System32\msvcp_win.dll
0x00007ff812e00000 - 0x00007ff812e0a000 	C:\Windows\SYSTEM32\VERSION.dll
0x00007ff820970000 - 0x00007ff82099f000 	C:\Windows\System32\IMM32.DLL
0x00007ff816bd0000 - 0x00007ff816bdc000 	C:\Program Files\Java\jdk-17\bin\vcruntime140_1.dll
0x00007ff807890000 - 0x00007ff80791d000 	C:\Program Files\Java\jdk-17\bin\msvcp140.dll
0x00007fffcdcb0000 - 0x00007fffce86e000 	C:\Program Files\Java\jdk-17\bin\server\jvm.dll
0x00007ff8212d0000 - 0x00007ff8212d8000 	C:\Windows\System32\PSAPI.DLL
0x00007ffffb690000 - 0x00007ffffb699000 	C:\Windows\SYSTEM32\WSOCK32.dll
0x00007ff8041e0000 - 0x00007ff804207000 	C:\Windows\SYSTEM32\WINMM.dll
0x00007ff820900000 - 0x00007ff82096b000 	C:\Windows\System32\WS2_32.dll
0x00007ff81d3f0000 - 0x00007ff81d402000 	C:\Windows\SYSTEM32\kernel.appcore.dll
0x00007ff816850000 - 0x00007ff81685a000 	C:\Program Files\Java\jdk-17\bin\jimage.dll
0x00007ff81c930000 - 0x00007ff81cb14000 	C:\Windows\SYSTEM32\DBGHELP.DLL
0x00007fffffa00000 - 0x00007fffffa34000 	C:\Windows\SYSTEM32\dbgcore.DLL
0x00007ff81f020000 - 0x00007ff81f0a2000 	C:\Windows\System32\bcryptPrimitives.dll
0x00007ff816670000 - 0x00007ff81667e000 	C:\Program Files\Java\jdk-17\bin\instrument.dll
0x00007ff816640000 - 0x00007ff816665000 	C:\Program Files\Java\jdk-17\bin\java.dll
0x00007ff804610000 - 0x00007ff8046e6000 	C:\Program Files\Java\jdk-17\bin\svml.dll
0x00007ff81f910000 - 0x00007ff82007f000 	C:\Windows\System32\SHELL32.dll
0x00007ff81cc40000 - 0x00007ff81d3df000 	C:\Windows\SYSTEM32\windows.storage.dll
0x00007ff8209a0000 - 0x00007ff820cf3000 	C:\Windows\System32\combase.dll
0x00007ff81e640000 - 0x00007ff81e66e000 	C:\Windows\SYSTEM32\Wldp.dll
0x00007ff81f700000 - 0x00007ff81f7cd000 	C:\Windows\System32\OLEAUT32.dll
0x00007ff81f650000 - 0x00007ff81f6fd000 	C:\Windows\System32\SHCORE.dll
0x00007ff821270000 - 0x00007ff8212c5000 	C:\Windows\System32\shlwapi.dll
0x00007ff81eb50000 - 0x00007ff81eb74000 	C:\Windows\SYSTEM32\profapi.dll
0x00007ff816610000 - 0x00007ff816628000 	C:\Program Files\Java\jdk-17\bin\zip.dll
0x00007ff8165f0000 - 0x00007ff816609000 	C:\Program Files\Java\jdk-17\bin\net.dll
0x00007ff8171b0000 - 0x00007ff8172bd000 	C:\Windows\SYSTEM32\WINHTTP.dll
0x00007ff81e3a0000 - 0x00007ff81e40a000 	C:\Windows\system32\mswsock.dll
0x00007ff816370000 - 0x00007ff816385000 	C:\Program Files\Java\jdk-17\bin\nio.dll
0x00007ff815390000 - 0x00007ff8153aa000 	D:\InstslledSoftware\JAVA Intelij IDEA\IntelliJ IDEA Community Edition 2024.2\bin\breakgen64.dll
0x00007ff802ff0000 - 0x00007ff80317f000 	C:\Program Files\Java\jdk-17\bin\awt.dll
0x00007ff816140000 - 0x00007ff8161d4000 	C:\Windows\SYSTEM32\apphelp.dll

dbghelp: loaded successfully - version: 4.0.5 - missing functions: none
symbol engine: initialized successfully - sym options: 0x614 - pdb path: .;C:\Program Files\Java\jdk-17\bin;C:\Windows\SYSTEM32;C:\Windows\WinSxS\amd64_microsoft.windows.common-controls_6595b64144ccf1df_6.0.19041.4355_none_60b8b9eb71f62e16;C:\Program Files\Java\jdk-17\bin\server;D:\InstslledSoftware\JAVA Intelij IDEA\IntelliJ IDEA Community Edition 2024.2\bin

VM Arguments:
jvm_args: -javaagent:D:\InstslledSoftware\JAVA Intelij IDEA\IntelliJ IDEA Community Edition 2024.2\lib\idea_rt.jar=9370:D:\InstslledSoftware\JAVA Intelij IDEA\IntelliJ IDEA Community Edition 2024.2\bin -Dfile.encoding=UTF-8 
java_command: main.Main
java_class_path (initial): D:\Code\Java\intelij\rpg_game\target\classes
Launcher Type: SUN_STANDARD

[Global flags]
     intx CICompilerCount                          = 4                                         {product} {ergonomic}
     uint ConcGCThreads                            = 2                                         {product} {ergonomic}
     uint G1ConcRefinementThreads                  = 8                                         {product} {ergonomic}
   size_t G1HeapRegionSize                         = 1048576                                   {product} {ergonomic}
    uintx GCDrainStackTargetSize                   = 64                                        {product} {ergonomic}
   size_t InitialHeapSize                          = 130023424                                 {product} {ergonomic}
   size_t MarkStackSize                            = 4194304                                   {product} {ergonomic}
   size_t MaxHeapSize                              = 2067791872                                {product} {ergonomic}
   size_t MaxNewSize                               = 1240465408                                {product} {ergonomic}
   size_t MinHeapDeltaBytes                        = 1048576                                   {product} {ergonomic}
   size_t MinHeapSize                              = 8388608                                   {product} {ergonomic}
    uintx NonNMethodCodeHeapSize                   = 5839372                                {pd product} {ergonomic}
    uintx NonProfiledCodeHeapSize                  = 122909434                              {pd product} {ergonomic}
    uintx ProfiledCodeHeapSize                     = 122909434                              {pd product} {ergonomic}
    uintx ReservedCodeCacheSize                    = 251658240                              {pd product} {ergonomic}
     bool SegmentedCodeCache                       = true                                      {product} {ergonomic}
   size_t SoftMaxHeapSize                          = 2067791872                             {manageable} {ergonomic}
     bool UseCompressedClassPointers               = true                           {product lp64_product} {ergonomic}
     bool UseCompressedOops                        = true                           {product lp64_product} {ergonomic}
     bool UseG1GC                                  = true                                      {product} {ergonomic}
     bool UseLargePagesIndividualAllocation        = false                                  {pd product} {ergonomic}

Logging:
Log output configuration:
 #0: stdout all=warning uptime,level,tags
 #1: stderr all=off uptime,level,tags

Environment Variables:
PATH=D:\InstslledSoftware\Oracle\app\oracle\product\11.2.0\server\bin;C:\Program Files\Common Files\Oracle\Java\javapath;C:\Program Files (x86)\Common Files\Oracle\Java\java8path;C:\Windows\system32;C:\Windows;C:\Windows\System32\Wbem;C:\Windows\System32\WindowsPowerShell\v1.0\;C:\Windows\System32\OpenSSH\;C:\Program Files\dotnet\;C:\Program Files\PuTTY\;C:\Program Files (x86)\QuickTime\QTSystem\;C:\Program Files\Memurai\;C:\Program Files (x86)\NVIDIA Corporation\PhysX\Common;C:\Program Files\Redis\;D:\Software\mingw64\bin;C:\Program Files\Git\cmd;C:\Program Files\MySQL\MySQL Server 8.0\bin;D:\InstslledSoftware\Matlab\bin;;C:\Program Files\Docker\Docker\resources\bin;C:\Users\soumy\AppData\Local\Programs\Python\Python38-32\Scripts\;C:\Users\soumy\AppData\Local\Programs\Python\Python38-32\;C:\Users\soumy\AppData\Local\Programs\Python\Python37-32\Scripts\;C:\Users\soumy\AppData\Local\Programs\Python\Python37-32\;C:\Users\soumy\AppData\Local\Microsoft\WindowsApps;C:\Program Files\MinGW\bin;C:\Program Files\SFML-2.5.1\bin;C:\Program Files\SFML-2.5.1;C:\Program Files\SFML-2.5.1\include;C:\Program Files\SFML-2.5.1\include\SFML;C:\Users\soumy\.dotnet\tools;C:\Users\soumy\AppData\Roaming\npm;D:\InstslledSoftware\Microsoft VS Code\bin;C:\Users\soumy\AppData\Local\atom\bin;D:\Academic\Codes\tools\opencv\build\x64\vc15\bin;D:\Academic\Codes\tools\opencv\build\x64\vc14\bin;C:\msys64\mingw64\bin;D:\InstslledSoftware\flutter\bin;C:\Users\soumy\Downloads\kotlin-compiler-1.8.10\kotlinc\bin;D:\InstslledSoftware\MongoSH\;D:\InstslledSoftware\neovim\bin;D:\InstslledSoftware\apache-maven-3.9.9\bin;
USERNAME=soumy
OS=Windows_NT
PROCESSOR_IDENTIFIER=Intel64 Family 6 Model 126 Stepping 5, GenuineIntel



---------------  S Y S T E M  ---------------

OS:
 Windows 10 , 64 bit Build 19041 (10.0.19041.4717)
OS uptime: 11 days 20:29 hours
Hyper-V role detected

CPU: total 8 (initial active 8) (4 cores per cpu, 2 threads per core) family 6 model 126 stepping 5 microcode 0xa0, cx8, cmov, fxsr, ht, mmx, 3dnowpref, sse, sse2, sse3, ssse3, sse4.1, sse4.2, popcnt, lzcnt, tsc, tscinvbit, avx, avx2, aes, erms, clmul, bmi1, bmi2, adx, avx512f, avx512dq, avx512cd, avx512bw, avx512vl, sha, fma, vzeroupper, avx512_vpopcntdq, avx512_vpclmulqdq, avx512_vaes, avx512_vnni, clflush, clflushopt, avx512_vbmi2, avx512_vbmi, hv

Memory: 4k page, system-wide physical 7883M (620M free)
TotalPageFile size 28426M (AvailPageFile size 204M)
current process WorkingSet (physical memory assigned to process): 37M, peak: 37M
current process commit charge ("private bytes"): 208M, peak: 208M

vm_info: Java HotSpot(TM) 64-Bit Server VM (17+35-LTS-2724) for windows-amd64 JRE (17+35-LTS-2724), built on Aug  5 2021 23:28:28 by "mach5one" with MS VC++ 16.8 (VS2019)

END.
