#
# There is insufficient memory for the Java Runtime Environment to continue.
# Native memory allocation (malloc) failed to allocate 9616696 bytes for AllocateHeap
# Possible reasons:
#   The system is out of physical RAM or swap space
#   The process is running with CompressedOops enabled, and the Java Heap may be blocking the growth of the native heap
# Possible solutions:
#   Reduce memory load on the system
#   Increase physical memory or swap space
#   Check if swap backing store is full
#   Decrease Java heap size (-Xmx/-Xms)
#   Decrease number of Java threads
#   Decrease Java thread stack sizes (-Xss)
#   Set larger code cache with -XX:ReservedCodeCacheSize=
#   JVM is running with Unscaled Compressed Oops mode in which the Java heap is
#     placed in the first 4GB address space. The Java Heap base address is the
#     maximum limit for the native heap growth. Please use -XX:HeapBaseMinAddress
#     to set the Java Heap base and to place the Java Heap above 4GB virtual address.
# This output file may be truncated or incomplete.
#
#  Out of Memory Error (allocation.cpp:44), pid=25108, tid=22756
#
# JRE version: Java(TM) SE Runtime Environment (17.0+35) (build 17+35-LTS-2724)
# Java VM: Java HotSpot(TM) 64-Bit Server VM (17+35-LTS-2724, mixed mode, sharing, tiered, compressed oops, compressed class ptrs, g1 gc, windows-amd64)
# No core dump will be written. Minidumps are not enabled by default on client versions of Windows
#

---------------  S U M M A R Y ------------

Command Line: -javaagent:D:\InstslledSoftware\JAVA Intelij IDEA\IntelliJ IDEA Community Edition 2024.2\lib\idea_rt.jar=9376:D:\InstslledSoftware\JAVA Intelij IDEA\IntelliJ IDEA Community Edition 2024.2\bin -Dfile.encoding=UTF-8 main.Main

Host: Intel(R) Core(TM) i5-1035G1 CPU @ 1.00GHz, 8 cores, 7G,  Windows 10 , 64 bit Build 19041 (10.0.19041.4717)
Time: Tue Sep  3 18:29:55 2024 India Standard Time elapsed time: 38.973450 seconds (0d 0h 0m 38s)

---------------  T H R E A D  ---------------

Current thread (0x000002422e466010):  JavaThread "Direct Clip" daemon [_thread_in_vm, id=22756, stack(0x0000007830a00000,0x0000007830b00000)]

Stack: [0x0000007830a00000,0x0000007830b00000]
Native frames: (J=compiled Java code, j=interpreted, Vv=VM code, C=native code)
V  [jvm.dll+0x66f8ea]
V  [jvm.dll+0x7ce224]
V  [jvm.dll+0x7cf9ce]
V  [jvm.dll+0x7d0033]
V  [jvm.dll+0x242bb5]
V  [jvm.dll+0xa4673]
V  [jvm.dll+0x3e38f3]
C  [jsound.dll+0x1526]

Java frames: (J=compiled Java code, j=interpreted, Vv=VM code)
j  com.sun.media.sound.DirectAudioDevice.nWrite(J[BIIIFF)I+0 java.desktop@17
j  com.sun.media.sound.DirectAudioDevice$DirectDL.write([BII)I+180 java.desktop@17
j  com.sun.media.sound.DirectAudioDevice$DirectClip.run()V+189 java.desktop@17
j  java.lang.Thread.run()V+11 java.base@17
v  ~StubRoutines::call_stub

---------------  P R O C E S S  ---------------

Threads class SMR info:
_java_thread_list=0x000002422e517600, length=22, elements={
0x000002422c7bf620, 0x000002422c7bffd0, 0x000002422c7d3a40, 0x000002422c7d43f0,
0x000002422c7d6db0, 0x000002422c7d7760, 0x000002422c7d9180, 0x000002422c7e5750,
0x000002422c7e6950, 0x000002422c7ab1a0, 0x000002422d53d470, 0x000002422d53d940,
0x000002422d767af0, 0x000002422d76c140, 0x000002422d76fb80, 0x000002422e3e93f0,
0x000002422e4a64a0, 0x000002422e466010, 0x000002422e47e770, 0x000002422e47ca90,
0x000002422e47ec40, 0x000002422e47fab0
}

Java Threads: ( => current thread )
  0x000002422c7bf620 JavaThread "Reference Handler" daemon [_thread_blocked, id=25480, stack(0x000000782f300000,0x000000782f400000)]
  0x000002422c7bffd0 JavaThread "Finalizer" daemon [_thread_blocked, id=25356, stack(0x000000782f400000,0x000000782f500000)]
  0x000002422c7d3a40 JavaThread "Signal Dispatcher" daemon [_thread_blocked, id=3044, stack(0x000000782f500000,0x000000782f600000)]
  0x000002422c7d43f0 JavaThread "Attach Listener" daemon [_thread_blocked, id=10316, stack(0x000000782f600000,0x000000782f700000)]
  0x000002422c7d6db0 JavaThread "Service Thread" daemon [_thread_blocked, id=12084, stack(0x000000782f700000,0x000000782f800000)]
  0x000002422c7d7760 JavaThread "Monitor Deflation Thread" daemon [_thread_blocked, id=19696, stack(0x000000782f800000,0x000000782f900000)]
  0x000002422c7d9180 JavaThread "C2 CompilerThread0" daemon [_thread_blocked, id=14756, stack(0x000000782f900000,0x000000782fa00000)]
  0x000002422c7e5750 JavaThread "C1 CompilerThread0" daemon [_thread_blocked, id=24640, stack(0x000000782fa00000,0x000000782fb00000)]
  0x000002422c7e6950 JavaThread "Sweeper thread" daemon [_thread_blocked, id=14088, stack(0x000000782fb00000,0x000000782fc00000)]
  0x000002422c7ab1a0 JavaThread "Common-Cleaner" daemon [_thread_blocked, id=4796, stack(0x000000782fc00000,0x000000782fd00000)]
  0x000002422d53d470 JavaThread "Monitor Ctrl-Break" daemon [_thread_in_native, id=13348, stack(0x000000782fd00000,0x000000782fe00000)]
  0x000002422d53d940 JavaThread "Notification Thread" daemon [_thread_blocked, id=25060, stack(0x000000782fe00000,0x000000782ff00000)]
  0x000002422d767af0 JavaThread "Java2D Disposer" daemon [_thread_blocked, id=25532, stack(0x0000007830000000,0x0000007830100000)]
  0x000002422d76c140 JavaThread "AWT-Shutdown" [_thread_blocked, id=20680, stack(0x0000007830100000,0x0000007830200000)]
  0x000002422d76fb80 JavaThread "AWT-Windows" daemon [_thread_in_native, id=24072, stack(0x0000007830200000,0x0000007830300000)]
  0x000002422e3e93f0 JavaThread "Thread-0" [_thread_blocked, id=18244, stack(0x0000007830300000,0x0000007830400000)]
  0x000002422e4a64a0 JavaThread "Java Sound Event Dispatcher" daemon [_thread_blocked, id=22760, stack(0x0000007830600000,0x0000007830700000)]
=>0x000002422e466010 JavaThread "Direct Clip" daemon [_thread_in_vm, id=22756, stack(0x0000007830a00000,0x0000007830b00000)]
  0x000002422e47e770 JavaThread "AWT-EventQueue-0" [_thread_blocked, id=11176, stack(0x0000007830b00000,0x0000007830c00000)]
  0x000002422e47ca90 JavaThread "DestroyJavaVM" [_thread_blocked, id=25036, stack(0x000000782ec00000,0x000000782ed00000)]
  0x000002422e47ec40 JavaThread "Direct Clip" daemon [_thread_blocked, id=16372, stack(0x0000007830e00000,0x0000007830f00000)]
  0x000002422e47fab0 JavaThread "Direct Clip" daemon [_thread_blocked, id=12256, stack(0x0000007830f00000,0x0000007831000000)]

Other Threads:
  0x000002422c7b8c70 VMThread "VM Thread" [stack: 0x000000782f200000,0x000000782f300000] [id=15036]
  0x000002420e9ab1c0 WatcherThread [stack: 0x000000782ff00000,0x0000007830000000] [id=7428]
  0x000002420e993c90 GCTaskThread "GC Thread#0" [stack: 0x000000782ed00000,0x000000782ee00000] [id=14808]
  0x000002420e9a4250 ConcurrentGCThread "G1 Main Marker" [stack: 0x000000782ee00000,0x000000782ef00000] [id=10020]
  0x000002420e9a5400 ConcurrentGCThread "G1 Conc#0" [stack: 0x000000782ef00000,0x000000782f000000] [id=13008]
  0x000002420ea1f000 ConcurrentGCThread "G1 Refine#0" [stack: 0x000000782f000000,0x000000782f100000] [id=24024]
  0x000002420ea21930 ConcurrentGCThread "G1 Service" [stack: 0x000000782f100000,0x000000782f200000] [id=11232]

Threads with active compile tasks:

VM state: not at safepoint (normal execution)

VM Mutex/Monitor currently owned by a thread: None

Heap address: 0x0000000084c00000, size: 1972 MB, Compressed Oops mode: 32-bit

CDS archive(s) mapped at: [0x0000000800000000-0x0000000800bc0000-0x0000000800bc0000), size 12320768, SharedBaseAddress: 0x0000000800000000, ArchiveRelocationMode: 0.
Compressed class space mapped at: 0x0000000800c00000-0x0000000840c00000, reserved size: 1073741824
Narrow klass base: 0x0000000800000000, Narrow klass shift: 0, Narrow klass range: 0x100000000

GC Precious Log:
 CPUs: 8 total, 8 available
 Memory: 7883M
 Large Page Support: Disabled
 NUMA Support: Disabled
 Compressed Oops: Enabled (32-bit)
 Heap Region Size: 1M
 Heap Min Capacity: 8M
 Heap Initial Capacity: 124M
 Heap Max Capacity: 1972M
 Pre-touch: Disabled
 Parallel Workers: 8
 Concurrent Workers: 2
 Concurrent Refinement Workers: 8
 Periodic GC: Disabled

Heap:
 garbage-first heap   total 126976K, used 30720K [0x0000000084c00000, 0x0000000100000000)
  region size 1024K, 20 young (20480K), 0 survivors (0K)
 Metaspace       used 8991K, committed 9216K, reserved 1056768K
  class space    used 917K, committed 1024K, reserved 1048576K

Heap Regions: E=young(eden), S=young(survivor), O=old, HS=humongous(starts), HC=humongous(continues), CS=collection set, F=free, OA=open archive, CA=closed archive, TAMS=top-at-mark-start (previous, next)
|   0|0x0000000084c00000, 0x0000000084d00000, 0x0000000084d00000|100%|HS|  |TAMS 0x0000000084c00000, 0x0000000084c00000| Complete 
|   1|0x0000000084d00000, 0x0000000084e00000, 0x0000000084e00000|100%|HC|  |TAMS 0x0000000084d00000, 0x0000000084d00000| Complete 
|   2|0x0000000084e00000, 0x0000000084f00000, 0x0000000084f00000|100%|HC|  |TAMS 0x0000000084e00000, 0x0000000084e00000| Complete 
|   3|0x0000000084f00000, 0x0000000085000000, 0x0000000085000000|100%|HC|  |TAMS 0x0000000084f00000, 0x0000000084f00000| Complete 
|   4|0x0000000085000000, 0x0000000085100000, 0x0000000085100000|100%|HC|  |TAMS 0x0000000085000000, 0x0000000085000000| Complete 
|   5|0x0000000085100000, 0x0000000085200000, 0x0000000085200000|100%|HC|  |TAMS 0x0000000085100000, 0x0000000085100000| Complete 
|   6|0x0000000085200000, 0x0000000085300000, 0x0000000085300000|100%|HC|  |TAMS 0x0000000085200000, 0x0000000085200000| Complete 
|   7|0x0000000085300000, 0x0000000085400000, 0x0000000085400000|100%|HC|  |TAMS 0x0000000085300000, 0x0000000085300000| Complete 
|   8|0x0000000085400000, 0x0000000085500000, 0x0000000085500000|100%|HC|  |TAMS 0x0000000085400000, 0x0000000085400000| Complete 
|   9|0x0000000085500000, 0x0000000085600000, 0x0000000085600000|100%|HC|  |TAMS 0x0000000085500000, 0x0000000085500000| Complete 
|  10|0x0000000085600000, 0x0000000085700000, 0x0000000085700000|100%|HS|  |TAMS 0x0000000085600000, 0x0000000085600000| Complete 
|  11|0x0000000085700000, 0x0000000085800000, 0x0000000085800000|100%|HC|  |TAMS 0x0000000085700000, 0x0000000085700000| Complete 
|  12|0x0000000085800000, 0x0000000085800000, 0x0000000085900000|  0%| F|  |TAMS 0x0000000085800000, 0x0000000085800000| Untracked 
|  13|0x0000000085900000, 0x0000000085900000, 0x0000000085a00000|  0%| F|  |TAMS 0x0000000085900000, 0x0000000085900000| Untracked 
|  14|0x0000000085a00000, 0x0000000085a00000, 0x0000000085b00000|  0%| F|  |TAMS 0x0000000085a00000, 0x0000000085a00000| Untracked 
|  15|0x0000000085b00000, 0x0000000085b00000, 0x0000000085c00000|  0%| F|  |TAMS 0x0000000085b00000, 0x0000000085b00000| Untracked 
|  16|0x0000000085c00000, 0x0000000085c00000, 0x0000000085d00000|  0%| F|  |TAMS 0x0000000085c00000, 0x0000000085c00000| Untracked 
|  17|0x0000000085d00000, 0x0000000085d00000, 0x0000000085e00000|  0%| F|  |TAMS 0x0000000085d00000, 0x0000000085d00000| Untracked 
|  18|0x0000000085e00000, 0x0000000085e00000, 0x0000000085f00000|  0%| F|  |TAMS 0x0000000085e00000, 0x0000000085e00000| Untracked 
|  19|0x0000000085f00000, 0x0000000085f00000, 0x0000000086000000|  0%| F|  |TAMS 0x0000000085f00000, 0x0000000085f00000| Untracked 
|  20|0x0000000086000000, 0x0000000086000000, 0x0000000086100000|  0%| F|  |TAMS 0x0000000086000000, 0x0000000086000000| Untracked 
|  21|0x0000000086100000, 0x0000000086100000, 0x0000000086200000|  0%| F|  |TAMS 0x0000000086100000, 0x0000000086100000| Untracked 
|  22|0x0000000086200000, 0x0000000086200000, 0x0000000086300000|  0%| F|  |TAMS 0x0000000086200000, 0x0000000086200000| Untracked 
|  23|0x0000000086300000, 0x0000000086300000, 0x0000000086400000|  0%| F|  |TAMS 0x0000000086300000, 0x0000000086300000| Untracked 
|  24|0x0000000086400000, 0x0000000086400000, 0x0000000086500000|  0%| F|  |TAMS 0x0000000086400000, 0x0000000086400000| Untracked 
|  25|0x0000000086500000, 0x0000000086500000, 0x0000000086600000|  0%| F|  |TAMS 0x0000000086500000, 0x0000000086500000| Untracked 
|  26|0x0000000086600000, 0x0000000086600000, 0x0000000086700000|  0%| F|  |TAMS 0x0000000086600000, 0x0000000086600000| Untracked 
|  27|0x0000000086700000, 0x0000000086700000, 0x0000000086800000|  0%| F|  |TAMS 0x0000000086700000, 0x0000000086700000| Untracked 
|  28|0x0000000086800000, 0x0000000086800000, 0x0000000086900000|  0%| F|  |TAMS 0x0000000086800000, 0x0000000086800000| Untracked 
|  29|0x0000000086900000, 0x0000000086900000, 0x0000000086a00000|  0%| F|  |TAMS 0x0000000086900000, 0x0000000086900000| Untracked 
|  30|0x0000000086a00000, 0x0000000086a00000, 0x0000000086b00000|  0%| F|  |TAMS 0x0000000086a00000, 0x0000000086a00000| Untracked 
|  31|0x0000000086b00000, 0x0000000086b00000, 0x0000000086c00000|  0%| F|  |TAMS 0x0000000086b00000, 0x0000000086b00000| Untracked 
|  32|0x0000000086c00000, 0x0000000086c00000, 0x0000000086d00000|  0%| F|  |TAMS 0x0000000086c00000, 0x0000000086c00000| Untracked 
|  33|0x0000000086d00000, 0x0000000086d00000, 0x0000000086e00000|  0%| F|  |TAMS 0x0000000086d00000, 0x0000000086d00000| Untracked 
|  34|0x0000000086e00000, 0x0000000086e00000, 0x0000000086f00000|  0%| F|  |TAMS 0x0000000086e00000, 0x0000000086e00000| Untracked 
|  35|0x0000000086f00000, 0x0000000086f00000, 0x0000000087000000|  0%| F|  |TAMS 0x0000000086f00000, 0x0000000086f00000| Untracked 
|  36|0x0000000087000000, 0x0000000087000000, 0x0000000087100000|  0%| F|  |TAMS 0x0000000087000000, 0x0000000087000000| Untracked 
|  37|0x0000000087100000, 0x0000000087100000, 0x0000000087200000|  0%| F|  |TAMS 0x0000000087100000, 0x0000000087100000| Untracked 
|  38|0x0000000087200000, 0x0000000087200000, 0x0000000087300000|  0%| F|  |TAMS 0x0000000087200000, 0x0000000087200000| Untracked 
|  39|0x0000000087300000, 0x0000000087300000, 0x0000000087400000|  0%| F|  |TAMS 0x0000000087300000, 0x0000000087300000| Untracked 
|  40|0x0000000087400000, 0x0000000087400000, 0x0000000087500000|  0%| F|  |TAMS 0x0000000087400000, 0x0000000087400000| Untracked 
|  41|0x0000000087500000, 0x0000000087500000, 0x0000000087600000|  0%| F|  |TAMS 0x0000000087500000, 0x0000000087500000| Untracked 
|  42|0x0000000087600000, 0x0000000087600000, 0x0000000087700000|  0%| F|  |TAMS 0x0000000087600000, 0x0000000087600000| Untracked 
|  43|0x0000000087700000, 0x0000000087700000, 0x0000000087800000|  0%| F|  |TAMS 0x0000000087700000, 0x0000000087700000| Untracked 
|  44|0x0000000087800000, 0x0000000087800000, 0x0000000087900000|  0%| F|  |TAMS 0x0000000087800000, 0x0000000087800000| Untracked 
|  45|0x0000000087900000, 0x0000000087900000, 0x0000000087a00000|  0%| F|  |TAMS 0x0000000087900000, 0x0000000087900000| Untracked 
|  46|0x0000000087a00000, 0x0000000087a00000, 0x0000000087b00000|  0%| F|  |TAMS 0x0000000087a00000, 0x0000000087a00000| Untracked 
|  47|0x0000000087b00000, 0x0000000087b00000, 0x0000000087c00000|  0%| F|  |TAMS 0x0000000087b00000, 0x0000000087b00000| Untracked 
|  48|0x0000000087c00000, 0x0000000087c00000, 0x0000000087d00000|  0%| F|  |TAMS 0x0000000087c00000, 0x0000000087c00000| Untracked 
|  49|0x0000000087d00000, 0x0000000087d00000, 0x0000000087e00000|  0%| F|  |TAMS 0x0000000087d00000, 0x0000000087d00000| Untracked 
|  50|0x0000000087e00000, 0x0000000087e00000, 0x0000000087f00000|  0%| F|  |TAMS 0x0000000087e00000, 0x0000000087e00000| Untracked 
|  51|0x0000000087f00000, 0x0000000087f00000, 0x0000000088000000|  0%| F|  |TAMS 0x0000000087f00000, 0x0000000087f00000| Untracked 
|  52|0x0000000088000000, 0x0000000088000000, 0x0000000088100000|  0%| F|  |TAMS 0x0000000088000000, 0x0000000088000000| Untracked 
|  53|0x0000000088100000, 0x0000000088100000, 0x0000000088200000|  0%| F|  |TAMS 0x0000000088100000, 0x0000000088100000| Untracked 
|  54|0x0000000088200000, 0x0000000088200000, 0x0000000088300000|  0%| F|  |TAMS 0x0000000088200000, 0x0000000088200000| Untracked 
|  55|0x0000000088300000, 0x0000000088300000, 0x0000000088400000|  0%| F|  |TAMS 0x0000000088300000, 0x0000000088300000| Untracked 
|  56|0x0000000088400000, 0x0000000088400000, 0x0000000088500000|  0%| F|  |TAMS 0x0000000088400000, 0x0000000088400000| Untracked 
|  57|0x0000000088500000, 0x0000000088500000, 0x0000000088600000|  0%| F|  |TAMS 0x0000000088500000, 0x0000000088500000| Untracked 
|  58|0x0000000088600000, 0x0000000088600000, 0x0000000088700000|  0%| F|  |TAMS 0x0000000088600000, 0x0000000088600000| Untracked 
|  59|0x0000000088700000, 0x0000000088700000, 0x0000000088800000|  0%| F|  |TAMS 0x0000000088700000, 0x0000000088700000| Untracked 
|  60|0x0000000088800000, 0x0000000088800000, 0x0000000088900000|  0%| F|  |TAMS 0x0000000088800000, 0x0000000088800000| Untracked 
|  61|0x0000000088900000, 0x0000000088900000, 0x0000000088a00000|  0%| F|  |TAMS 0x0000000088900000, 0x0000000088900000| Untracked 
|  62|0x0000000088a00000, 0x0000000088a00000, 0x0000000088b00000|  0%| F|  |TAMS 0x0000000088a00000, 0x0000000088a00000| Untracked 
|  63|0x0000000088b00000, 0x0000000088b00000, 0x0000000088c00000|  0%| F|  |TAMS 0x0000000088b00000, 0x0000000088b00000| Untracked 
|  64|0x0000000088c00000, 0x0000000088c00000, 0x0000000088d00000|  0%| F|  |TAMS 0x0000000088c00000, 0x0000000088c00000| Untracked 
|  65|0x0000000088d00000, 0x0000000088d00000, 0x0000000088e00000|  0%| F|  |TAMS 0x0000000088d00000, 0x0000000088d00000| Untracked 
|  66|0x0000000088e00000, 0x0000000088e00000, 0x0000000088f00000|  0%| F|  |TAMS 0x0000000088e00000, 0x0000000088e00000| Untracked 
|  67|0x0000000088f00000, 0x0000000088f00000, 0x0000000089000000|  0%| F|  |TAMS 0x0000000088f00000, 0x0000000088f00000| Untracked 
|  68|0x0000000089000000, 0x0000000089000000, 0x0000000089100000|  0%| F|  |TAMS 0x0000000089000000, 0x0000000089000000| Untracked 
|  69|0x0000000089100000, 0x0000000089100000, 0x0000000089200000|  0%| F|  |TAMS 0x0000000089100000, 0x0000000089100000| Untracked 
|  70|0x0000000089200000, 0x0000000089200000, 0x0000000089300000|  0%| F|  |TAMS 0x0000000089200000, 0x0000000089200000| Untracked 
|  71|0x0000000089300000, 0x0000000089300000, 0x0000000089400000|  0%| F|  |TAMS 0x0000000089300000, 0x0000000089300000| Untracked 
|  72|0x0000000089400000, 0x0000000089400000, 0x0000000089500000|  0%| F|  |TAMS 0x0000000089400000, 0x0000000089400000| Untracked 
|  73|0x0000000089500000, 0x0000000089500000, 0x0000000089600000|  0%| F|  |TAMS 0x0000000089500000, 0x0000000089500000| Untracked 
|  74|0x0000000089600000, 0x0000000089600000, 0x0000000089700000|  0%| F|  |TAMS 0x0000000089600000, 0x0000000089600000| Untracked 
|  75|0x0000000089700000, 0x0000000089700000, 0x0000000089800000|  0%| F|  |TAMS 0x0000000089700000, 0x0000000089700000| Untracked 
|  76|0x0000000089800000, 0x0000000089800000, 0x0000000089900000|  0%| F|  |TAMS 0x0000000089800000, 0x0000000089800000| Untracked 
|  77|0x0000000089900000, 0x0000000089900000, 0x0000000089a00000|  0%| F|  |TAMS 0x0000000089900000, 0x0000000089900000| Untracked 
|  78|0x0000000089a00000, 0x0000000089a00000, 0x0000000089b00000|  0%| F|  |TAMS 0x0000000089a00000, 0x0000000089a00000| Untracked 
|  79|0x0000000089b00000, 0x0000000089b00000, 0x0000000089c00000|  0%| F|  |TAMS 0x0000000089b00000, 0x0000000089b00000| Untracked 
|  80|0x0000000089c00000, 0x0000000089c00000, 0x0000000089d00000|  0%| F|  |TAMS 0x0000000089c00000, 0x0000000089c00000| Untracked 
|  81|0x0000000089d00000, 0x0000000089d00000, 0x0000000089e00000|  0%| F|  |TAMS 0x0000000089d00000, 0x0000000089d00000| Untracked 
|  82|0x0000000089e00000, 0x0000000089e00000, 0x0000000089f00000|  0%| F|  |TAMS 0x0000000089e00000, 0x0000000089e00000| Untracked 
|  83|0x0000000089f00000, 0x0000000089f00000, 0x000000008a000000|  0%| F|  |TAMS 0x0000000089f00000, 0x0000000089f00000| Untracked 
|  84|0x000000008a000000, 0x000000008a000000, 0x000000008a100000|  0%| F|  |TAMS 0x000000008a000000, 0x000000008a000000| Untracked 
|  85|0x000000008a100000, 0x000000008a100000, 0x000000008a200000|  0%| F|  |TAMS 0x000000008a100000, 0x000000008a100000| Untracked 
|  86|0x000000008a200000, 0x000000008a200000, 0x000000008a300000|  0%| F|  |TAMS 0x000000008a200000, 0x000000008a200000| Untracked 
|  87|0x000000008a300000, 0x000000008a300000, 0x000000008a400000|  0%| F|  |TAMS 0x000000008a300000, 0x000000008a300000| Untracked 
|  88|0x000000008a400000, 0x000000008a400000, 0x000000008a500000|  0%| F|  |TAMS 0x000000008a400000, 0x000000008a400000| Untracked 
|  89|0x000000008a500000, 0x000000008a500000, 0x000000008a600000|  0%| F|  |TAMS 0x000000008a500000, 0x000000008a500000| Untracked 
|  90|0x000000008a600000, 0x000000008a600000, 0x000000008a700000|  0%| F|  |TAMS 0x000000008a600000, 0x000000008a600000| Untracked 
|  91|0x000000008a700000, 0x000000008a700000, 0x000000008a800000|  0%| F|  |TAMS 0x000000008a700000, 0x000000008a700000| Untracked 
|  92|0x000000008a800000, 0x000000008a800000, 0x000000008a900000|  0%| F|  |TAMS 0x000000008a800000, 0x000000008a800000| Untracked 
|  93|0x000000008a900000, 0x000000008a900000, 0x000000008aa00000|  0%| F|  |TAMS 0x000000008a900000, 0x000000008a900000| Untracked 
|  94|0x000000008aa00000, 0x000000008aa00000, 0x000000008ab00000|  0%| F|  |TAMS 0x000000008aa00000, 0x000000008aa00000| Untracked 
|  95|0x000000008ab00000, 0x000000008ab00000, 0x000000008ac00000|  0%| F|  |TAMS 0x000000008ab00000, 0x000000008ab00000| Untracked 
|  96|0x000000008ac00000, 0x000000008ac00000, 0x000000008ad00000|  0%| F|  |TAMS 0x000000008ac00000, 0x000000008ac00000| Untracked 
|  97|0x000000008ad00000, 0x000000008ad00000, 0x000000008ae00000|  0%| F|  |TAMS 0x000000008ad00000, 0x000000008ad00000| Untracked 
|  98|0x000000008ae00000, 0x000000008ae00000, 0x000000008af00000|  0%| F|  |TAMS 0x000000008ae00000, 0x000000008ae00000| Untracked 
|  99|0x000000008af00000, 0x000000008af00000, 0x000000008b000000|  0%| F|  |TAMS 0x000000008af00000, 0x000000008af00000| Untracked 
| 100|0x000000008b000000, 0x000000008b000000, 0x000000008b100000|  0%| F|  |TAMS 0x000000008b000000, 0x000000008b000000| Untracked 
| 101|0x000000008b100000, 0x000000008b100000, 0x000000008b200000|  0%| F|  |TAMS 0x000000008b100000, 0x000000008b100000| Untracked 
| 102|0x000000008b200000, 0x000000008b200000, 0x000000008b300000|  0%| F|  |TAMS 0x000000008b200000, 0x000000008b200000| Untracked 
| 103|0x000000008b300000, 0x000000008b300000, 0x000000008b400000|  0%| F|  |TAMS 0x000000008b300000, 0x000000008b300000| Untracked 
| 104|0x000000008b400000, 0x000000008b476450, 0x000000008b500000| 46%| E|  |TAMS 0x000000008b400000, 0x000000008b400000| Complete 
| 105|0x000000008b500000, 0x000000008b600000, 0x000000008b600000|100%| E|CS|TAMS 0x000000008b500000, 0x000000008b500000| Complete 
| 106|0x000000008b600000, 0x000000008b700000, 0x000000008b700000|100%| E|CS|TAMS 0x000000008b600000, 0x000000008b600000| Complete 
| 107|0x000000008b700000, 0x000000008b800000, 0x000000008b800000|100%| E|CS|TAMS 0x000000008b700000, 0x000000008b700000| Complete 
| 108|0x000000008b800000, 0x000000008b900000, 0x000000008b900000|100%| E|CS|TAMS 0x000000008b800000, 0x000000008b800000| Complete 
| 109|0x000000008b900000, 0x000000008ba00000, 0x000000008ba00000|100%| E|  |TAMS 0x000000008b900000, 0x000000008b900000| Complete 
| 110|0x000000008ba00000, 0x000000008bb00000, 0x000000008bb00000|100%| E|CS|TAMS 0x000000008ba00000, 0x000000008ba00000| Complete 
| 111|0x000000008bb00000, 0x000000008bc00000, 0x000000008bc00000|100%| E|CS|TAMS 0x000000008bb00000, 0x000000008bb00000| Complete 
| 112|0x000000008bc00000, 0x000000008bd00000, 0x000000008bd00000|100%| E|CS|TAMS 0x000000008bc00000, 0x000000008bc00000| Complete 
| 113|0x000000008bd00000, 0x000000008be00000, 0x000000008be00000|100%| E|CS|TAMS 0x000000008bd00000, 0x000000008bd00000| Complete 
| 114|0x000000008be00000, 0x000000008bf00000, 0x000000008bf00000|100%| E|CS|TAMS 0x000000008be00000, 0x000000008be00000| Complete 
| 115|0x000000008bf00000, 0x000000008c000000, 0x000000008c000000|100%| E|CS|TAMS 0x000000008bf00000, 0x000000008bf00000| Complete 
| 116|0x000000008c000000, 0x000000008c100000, 0x000000008c100000|100%| E|CS|TAMS 0x000000008c000000, 0x000000008c000000| Complete 
| 117|0x000000008c100000, 0x000000008c200000, 0x000000008c200000|100%| E|CS|TAMS 0x000000008c100000, 0x000000008c100000| Complete 
| 118|0x000000008c200000, 0x000000008c300000, 0x000000008c300000|100%| E|CS|TAMS 0x000000008c200000, 0x000000008c200000| Complete 
| 119|0x000000008c300000, 0x000000008c400000, 0x000000008c400000|100%| E|CS|TAMS 0x000000008c300000, 0x000000008c300000| Complete 
| 120|0x000000008c400000, 0x000000008c500000, 0x000000008c500000|100%| E|CS|TAMS 0x000000008c400000, 0x000000008c400000| Complete 
| 121|0x000000008c500000, 0x000000008c600000, 0x000000008c600000|100%| E|CS|TAMS 0x000000008c500000, 0x000000008c500000| Complete 
| 122|0x000000008c600000, 0x000000008c700000, 0x000000008c700000|100%| E|CS|TAMS 0x000000008c600000, 0x000000008c600000| Complete 
| 123|0x000000008c700000, 0x000000008c800000, 0x000000008c800000|100%| E|CS|TAMS 0x000000008c700000, 0x000000008c700000| Complete 

Card table byte_map: [0x0000024225880000,0x0000024225c60000] _byte_map_base: 0x000002422545a000

Marking Bits (Prev, Next): (CMBitMap*) 0x000002420e9942a0, (CMBitMap*) 0x000002420e9942e0
 Prev Bits: [0x0000024226040000, 0x0000024227f10000)
 Next Bits: [0x0000024227f10000, 0x0000024229de0000)

Polling page: 0x000002420c940000

Metaspace:

Usage:
  Non-class:      7.89 MB used.
      Class:    917.05 KB used.
       Both:      8.78 MB used.

Virtual space:
  Non-class space:        8.00 MB reserved,       8.00 MB (100%) committed,  1 nodes.
      Class space:        1.00 GB reserved,       1.00 MB ( <1%) committed,  1 nodes.
             Both:        1.01 GB reserved,       9.00 MB ( <1%) committed. 

Chunk freelists:
   Non-Class:  35.00 KB
       Class:  3.04 MB
        Both:  3.07 MB

MaxMetaspaceSize: unlimited
CompressedClassSpaceSize: 1.00 GB
Initial GC threshold: 21.00 MB
Current GC threshold: 21.00 MB
CDS: on
MetaspaceReclaimPolicy: balanced
 - commit_granule_bytes: 65536.
 - commit_granule_words: 8192.
 - virtual_space_node_default_size: 1048576.
 - enlarge_chunks_in_place: 1.
 - new_chunks_are_fully_committed: 0.
 - uncommit_free_chunks: 1.
 - use_allocation_guard: 0.
 - handle_deallocations: 1.


Internal statistics:

num_allocs_failed_limit: 0.
num_arena_births: 120.
num_arena_deaths: 0.
num_vsnodes_births: 2.
num_vsnodes_deaths: 0.
num_space_committed: 144.
num_space_uncommitted: 0.
num_chunks_returned_to_freelist: 0.
num_chunks_taken_from_freelist: 185.
num_chunk_merges: 0.
num_chunk_splits: 95.
num_chunks_enlarged: 26.
num_purges: 0.
num_inconsistent_stats: 0.

CodeHeap 'non-profiled nmethods': size=120000Kb used=668Kb max_used=668Kb free=119332Kb
 bounds [0x000002421dc30000, 0x000002421dea0000, 0x0000024225160000]
CodeHeap 'profiled nmethods': size=120000Kb used=2976Kb max_used=2976Kb free=117023Kb
 bounds [0x0000024216700000, 0x00000242169f0000, 0x000002421dc30000]
CodeHeap 'non-nmethods': size=5760Kb used=1279Kb max_used=1316Kb free=4480Kb
 bounds [0x0000024216160000, 0x00000242163d0000, 0x0000024216700000]
 total_blobs=2219 nmethods=1626 adapters=506
 compilation: enabled
              stopped_count=0, restarted_count=0
 full_count=0

Compilation events (20 events):
Event: 36.012 Thread 0x000002422c7d9180 1618       4       sun.java2d.SunGraphics2D::translate (68 bytes)
Event: 36.013 Thread 0x000002422c7d9180 nmethod 1618 0x000002421dcd4a90 code [0x000002421dcd4c20, 0x000002421dcd4d48]
Event: 36.046 Thread 0x000002422c7d9180 1619       4       java.awt.geom.AffineTransform::scale (285 bytes)
Event: 36.047 Thread 0x000002422c7d9180 nmethod 1619 0x000002421dcd4e90 code [0x000002421dcd5040, 0x000002421dcd5138]
Event: 36.845 Thread 0x000002422c7d9180 1620       4       sun.java2d.pipe.Region::getInstanceXYXY (12 bytes)
Event: 36.846 Thread 0x000002422c7d9180 nmethod 1620 0x000002421dcd5210 code [0x000002421dcd5380, 0x000002421dcd5478]
Event: 36.878 Thread 0x000002422c7d9180 1621       4       sun.java2d.pipe.Region::isInsideQuickCheck (57 bytes)
Event: 36.879 Thread 0x000002422c7d9180 nmethod 1621 0x000002421dcd5510 code [0x000002421dcd56a0, 0x000002421dcd57b8]
Event: 37.184 Thread 0x000002422c7e5750 1622  s    3       sun.awt.DebugSettings::getString (21 bytes)
Event: 37.185 Thread 0x000002422c7e5750 nmethod 1622 0x00000242169e4c90 code [0x00000242169e4f60, 0x00000242169e5ef8]
Event: 38.005 Thread 0x000002422c7e5750 1624       3       javax.swing.JComponent$KeyboardState::keyIsPressed (35 bytes)
Event: 38.005 Thread 0x000002422c7d9180 1623  s    4       java.awt.KeyboardFocusManager::getCurrentKeyboardFocusManager (32 bytes)
Event: 38.006 Thread 0x000002422c7e5750 nmethod 1624 0x00000242169e6490 code [0x00000242169e66c0, 0x00000242169e6db8]
Event: 38.006 Thread 0x000002422c7d9180 nmethod 1623 0x000002421dcd5910 code [0x000002421dcd5aa0, 0x000002421dcd5d68]
Event: 38.047 Thread 0x000002422c7d9180 1625       4       sun.java2d.pipe.DrawImage::tryCopyOrScale (260 bytes)
Event: 38.050 Thread 0x000002422c7d9180 nmethod 1625 0x000002421dcd5e90 code [0x000002421dcd60a0, 0x000002421dcd67a8]
Event: 38.329 Thread 0x000002422c7e5750 1626       3       java.awt.geom.AffineTransform::translate (547 bytes)
Event: 38.330 Thread 0x000002422c7e5750 nmethod 1626 0x00000242169e7090 code [0x00000242169e7380, 0x00000242169e80c8]
Event: 38.764 Thread 0x000002422c7d9180 1627       4       java.awt.geom.AffineTransform::createInverse (543 bytes)
Event: 38.766 Thread 0x000002422c7d9180 nmethod 1627 0x000002421dcd6b10 code [0x000002421dcd6ce0, 0x000002421dcd6ef8]

GC Heap History (0 events):
No events

Deoptimization events (20 events):
Event: 2.762 Thread 0x000002422e47e770 Uncommon trap: trap_request=0xffffff45 fr.pc=0x000002421dc7890c relative=0x000000000000102c
Event: 2.762 Thread 0x000002422e47e770 Uncommon trap: reason=unstable_if action=reinterpret pc=0x000002421dc7890c method=sun.awt.image.SurfaceManager.getManager(Ljava/awt/Image;)Lsun/awt/image/SurfaceManager; @ 9 c2
Event: 2.762 Thread 0x000002422e47e770 DEOPT PACKING pc=0x000002421dc7890c sp=0x0000007830bfdf00
Event: 2.762 Thread 0x000002422e47e770 DEOPT UNPACKING pc=0x00000242161b5c23 sp=0x0000007830bfddd0 mode 2
Event: 2.846 Thread 0x000002422e47e770 Uncommon trap: trap_request=0xffffff45 fr.pc=0x000002421dc761d8 relative=0x0000000000000058
Event: 2.846 Thread 0x000002422e47e770 Uncommon trap: reason=unstable_if action=reinterpret pc=0x000002421dc761d8 method=sun.awt.image.SurfaceManager.getManager(Ljava/awt/Image;)Lsun/awt/image/SurfaceManager; @ 9 c2
Event: 2.846 Thread 0x000002422e47e770 DEOPT PACKING pc=0x000002421dc761d8 sp=0x0000007830bfde70
Event: 2.846 Thread 0x000002422e47e770 DEOPT UNPACKING pc=0x00000242161b5c23 sp=0x0000007830bfddf8 mode 2
Event: 3.253 Thread 0x000002422e47e770 Uncommon trap: trap_request=0xffffffde fr.pc=0x000002421dc86e18 relative=0x00000000000003d8
Event: 3.253 Thread 0x000002422e47e770 Uncommon trap: reason=class_check action=maybe_recompile pc=0x000002421dc86e18 method=java.util.HashMap.getNode(Ljava/lang/Object;)Ljava/util/HashMap$Node; @ 128 c2
Event: 3.253 Thread 0x000002422e47e770 DEOPT PACKING pc=0x000002421dc86e18 sp=0x0000007830bfe3a0
Event: 3.253 Thread 0x000002422e47e770 DEOPT UNPACKING pc=0x00000242161b5c23 sp=0x0000007830bfe318 mode 2
Event: 3.997 Thread 0x000002422e47e770 DEOPT PACKING pc=0x0000024216855ccd sp=0x0000007830bfdc80
Event: 3.997 Thread 0x000002422e47e770 DEOPT UNPACKING pc=0x00000242161b6763 sp=0x0000007830bfd160 mode 0
Event: 8.362 Thread 0x000002422e47e770 DEOPT PACKING pc=0x000002421687091d sp=0x0000007830bfec30
Event: 8.362 Thread 0x000002422e47e770 DEOPT UNPACKING pc=0x00000242161b6763 sp=0x0000007830bfe0c0 mode 0
Event: 37.979 Thread 0x000002422e47e770 Uncommon trap: trap_request=0xffffff45 fr.pc=0x000002421dca4048 relative=0x0000000000000088
Event: 37.979 Thread 0x000002422e47e770 Uncommon trap: reason=unstable_if action=reinterpret pc=0x000002421dca4048 method=java.awt.geom.AffineTransform.translate(DD)V @ 533 c2
Event: 37.979 Thread 0x000002422e47e770 DEOPT PACKING pc=0x000002421dca4048 sp=0x0000007830bfe190
Event: 37.979 Thread 0x000002422e47e770 DEOPT UNPACKING pc=0x00000242161b5c23 sp=0x0000007830bfe118 mode 2

Classes unloaded (0 events):
No events

Classes redefined (0 events):
No events

Internal exceptions (16 events):
Event: 0.159 Thread 0x000002422d53d470 Exception <a 'java/lang/NoSuchMethodError'{0x000000008c6f07f0}: 'java.lang.Object java.lang.invoke.DirectMethodHandle$Holder.invokeStaticInit(java.lang.Object)'> (0x000000008c6f07f0) 
thrown [t:\workspace\open\src\hotspot\share\interpreter\linkResolver.cpp, line 766]
Event: 0.169 Thread 0x000002422d53d470 Exception <a 'java/lang/NoSuchMethodError'{0x000000008c6fe4b0}: 'void java.lang.invoke.DirectMethodHandle$Holder.invokeStatic(java.lang.Object, java.lang.Object)'> (0x000000008c6fe4b0) 
thrown [t:\workspace\open\src\hotspot\share\interpreter\linkResolver.cpp, line 766]
Event: 0.175 Thread 0x000002420e954750 Exception <a 'java/lang/ClassNotFoundException'{0x000000008c6d8df8}: sun/awt/resources/spi/awtProvider> (0x000000008c6d8df8) 
thrown [t:\workspace\open\src\hotspot\share\classfile\systemDictionary.cpp, line 256]
Event: 0.206 Thread 0x000002420e954750 Exception <a 'java/io/FileNotFoundException'{0x000000008c5b73f0}> (0x000000008c5b73f0) 
thrown [t:\workspace\open\src\hotspot\share\prims\jni.cpp, line 516]
Event: 0.216 Thread 0x000002420e954750 Exception <a 'java/io/FileNotFoundException'{0x000000008c5e4318}> (0x000000008c5e4318) 
thrown [t:\workspace\open\src\hotspot\share\prims\jni.cpp, line 516]
Event: 0.309 Thread 0x000002420e954750 Exception <a 'java/lang/NoSuchMethodError'{0x000000008c465040}: 'void java.lang.invoke.DirectMethodHandle$Holder.invokeSpecial(java.lang.Object, java.lang.Object, java.lang.Object)'> (0x000000008c465040) 
thrown [t:\workspace\open\src\hotspot\share\interpreter\linkResolver.cpp, line 766]
Event: 0.320 Thread 0x000002420e954750 Exception <a 'java/lang/NoSuchMethodError'{0x000000008c305470}: 'java.lang.Object java.lang.invoke.DirectMethodHandle$Holder.newInvokeSpecial(java.lang.Object, java.lang.Object, java.lang.Object, java.lang.Object, java.lang.Object)'> (0x000000008c305470) 
thrown [t:\workspace\open\src\hotspot\share\interpreter\linkResolver.cpp, line 766]
Event: 0.322 Thread 0x000002420e954750 Exception <a 'java/lang/NoSuchMethodError'{0x000000008c310ec0}: 'java.lang.Object java.lang.invoke.DirectMethodHandle$Holder.invokeStatic(java.lang.Object, int, java.lang.Object, java.lang.Object, java.lang.Object, java.lang.Object)'> (0x000000008c310ec0) 
thrown [t:\workspace\open\src\hotspot\share\interpreter\linkResolver.cpp, line 766]
Event: 0.329 Thread 0x000002420e954750 Exception <a 'java/lang/NoSuchMethodError'{0x000000008c336680}: 'java.lang.Object java.lang.invoke.DirectMethodHandle$Holder.invokeStatic(java.lang.Object, int, java.lang.Object)'> (0x000000008c336680) 
thrown [t:\workspace\open\src\hotspot\share\interpreter\linkResolver.cpp, line 766]
Event: 0.368 Thread 0x000002420e954750 Exception <a 'java/lang/ClassNotFoundException'{0x000000008c3ee6d0}: com/sun/swing/internal/plaf/metal/resources/spi/metalProvider> (0x000000008c3ee6d0) 
thrown [t:\workspace\open\src\hotspot\share\classfile\systemDictionary.cpp, line 256]
Event: 0.370 Thread 0x000002420e954750 Exception <a 'java/lang/ClassNotFoundException'{0x000000008c3f2280}: com/sun/swing/internal/plaf/basic/resources/spi/basicProvider> (0x000000008c3f2280) 
thrown [t:\workspace\open\src\hotspot\share\classfile\systemDictionary.cpp, line 256]
Event: 0.430 Thread 0x000002420e954750 Exception <a 'java/lang/NoSuchMethodError'{0x000000008c271bc0}: 'java.lang.Object java.lang.invoke.DirectMethodHandle$Holder.invokeStaticInit(java.lang.Object, int, int, int, int)'> (0x000000008c271bc0) 
thrown [t:\workspace\open\src\hotspot\share\interpreter\linkResolver.cpp, line 766]
Event: 0.498 Thread 0x000002420e954750 Exception <a 'java/lang/NoSuchMethodError'{0x000000008c29fec8}: 'java.lang.Object java.lang.invoke.DirectMethodHandle$Holder.invokeStaticInit(java.lang.Object, java.lang.Object, int, int, int, int)'> (0x000000008c29fec8) 
thrown [t:\workspace\open\src\hotspot\share\interpreter\linkResolver.cpp, line 766]
Event: 0.883 Thread 0x000002422d76fb80 Exception <a 'java/lang/NoSuchMethodError'{0x000000008c485988}: 'void java.lang.invoke.DirectMethodHandle$Holder.invokeVirtual(java.lang.Object, java.lang.Object)'> (0x000000008c485988) 
thrown [t:\workspace\open\src\hotspot\share\interpreter\linkResolver.cpp, line 766]
Event: 0.905 Thread 0x000002420e954750 Exception <a 'java/lang/NoSuchMethodError'{0x000000008c061a68}: 'void java.lang.invoke.DirectMethodHandle$Holder.invokeStaticInit(java.lang.Object)'> (0x000000008c061a68) 
thrown [t:\workspace\open\src\hotspot\share\interpreter\linkResolver.cpp, line 766]
Event: 2.762 Thread 0x000002422e47e770 Implicit null exception at 0x000002421dc7797d to 0x000002421dc78890

VM Operations (20 events):
Event: 18.045 Executing VM operation: Cleanup
Event: 18.045 Executing VM operation: Cleanup done
Event: 19.046 Executing VM operation: Cleanup
Event: 19.046 Executing VM operation: Cleanup done
Event: 20.047 Executing VM operation: Cleanup
Event: 20.047 Executing VM operation: Cleanup done
Event: 22.047 Executing VM operation: Cleanup
Event: 22.047 Executing VM operation: Cleanup done
Event: 24.048 Executing VM operation: Cleanup
Event: 24.048 Executing VM operation: Cleanup done
Event: 28.050 Executing VM operation: Cleanup
Event: 28.050 Executing VM operation: Cleanup done
Event: 29.051 Executing VM operation: Cleanup
Event: 29.051 Executing VM operation: Cleanup done
Event: 31.051 Executing VM operation: Cleanup
Event: 31.052 Executing VM operation: Cleanup done
Event: 32.052 Executing VM operation: Cleanup
Event: 32.052 Executing VM operation: Cleanup done
Event: 34.052 Executing VM operation: Cleanup
Event: 34.052 Executing VM operation: Cleanup done

Events (20 events):
Event: 2.746 loading class java/awt/event/ContainerEvent
Event: 2.746 loading class java/awt/event/ContainerEvent done
Event: 2.746 loading class javax/swing/JComponent$KeyboardState
Event: 2.750 loading class javax/swing/JComponent$KeyboardState done
Event: 2.750 loading class javax/swing/JComponent$IntVector
Event: 2.750 loading class javax/swing/JComponent$IntVector done
Event: 2.751 loading class javax/swing/JInternalFrame
Event: 2.751 loading class javax/swing/JInternalFrame done
Event: 2.751 loading class javax/swing/KeyboardManager
Event: 2.752 loading class javax/swing/KeyboardManager done
Event: 2.752 loading class javax/swing/Popup$HeavyWeightWindow
Event: 2.752 loading class sun/awt/ModalExclude
Event: 2.752 loading class sun/awt/ModalExclude done
Event: 2.752 loading class javax/swing/JWindow
Event: 2.752 loading class javax/swing/JWindow done
Event: 2.752 loading class javax/swing/Popup$HeavyWeightWindow done
Event: 23.403 Thread 0x000002422e47ec40 Thread added: 0x000002422e47ec40
Event: 33.035 Thread 0x000002422e47fab0 Thread added: 0x000002422e47fab0
Event: 34.261 loading class java/security/DomainCombiner
Event: 34.261 loading class java/security/DomainCombiner done


Dynamic libraries:
0x00007ff6f61e0000 - 0x00007ff6f61f0000 	C:\Program Files\Java\jdk-17\bin\java.exe
0x00007ff821570000 - 0x00007ff821768000 	C:\Windows\SYSTEM32\ntdll.dll
0x00007ff8211a0000 - 0x00007ff821261000 	C:\Windows\System32\KERNEL32.DLL
0x00007ff81ec20000 - 0x00007ff81ef1d000 	C:\Windows\System32\KERNELBASE.dll
0x00007ff81ef20000 - 0x00007ff81f020000 	C:\Windows\System32\ucrtbase.dll
0x00007ff816be0000 - 0x00007ff816bf8000 	C:\Program Files\Java\jdk-17\bin\jli.dll
0x00007ff816860000 - 0x00007ff81687a000 	C:\Program Files\Java\jdk-17\bin\VCRUNTIME140.dll
0x00007ff81f5a0000 - 0x00007ff81f650000 	C:\Windows\System32\ADVAPI32.dll
0x00007ff820830000 - 0x00007ff8208ce000 	C:\Windows\System32\msvcrt.dll
0x00007ff820170000 - 0x00007ff820210000 	C:\Windows\System32\sechost.dll
0x00007ff820350000 - 0x00007ff820473000 	C:\Windows\System32\RPCRT4.dll
0x00007ff81f570000 - 0x00007ff81f597000 	C:\Windows\System32\bcrypt.dll
0x00007ff821390000 - 0x00007ff82152d000 	C:\Windows\System32\USER32.dll
0x00007ff805980000 - 0x00007ff805c1a000 	C:\Windows\WinSxS\amd64_microsoft.windows.common-controls_6595b64144ccf1df_6.0.19041.4355_none_60b8b9eb71f62e16\COMCTL32.dll
0x00007ff81f2f0000 - 0x00007ff81f312000 	C:\Windows\System32\win32u.dll
0x00007ff821170000 - 0x00007ff82119b000 	C:\Windows\System32\GDI32.dll
0x00007ff81f0b0000 - 0x00007ff81f1c7000 	C:\Windows\System32\gdi32full.dll
0x00007ff81f4d0000 - 0x00007ff81f56d000 	C:\Windows\System32\msvcp_win.dll
0x00007ff812e00000 - 0x00007ff812e0a000 	C:\Windows\SYSTEM32\VERSION.dll
0x00007ff820970000 - 0x00007ff82099f000 	C:\Windows\System32\IMM32.DLL
0x00007ff816bd0000 - 0x00007ff816bdc000 	C:\Program Files\Java\jdk-17\bin\vcruntime140_1.dll
0x00007ff807890000 - 0x00007ff80791d000 	C:\Program Files\Java\jdk-17\bin\msvcp140.dll
0x00007fffcdcb0000 - 0x00007fffce86e000 	C:\Program Files\Java\jdk-17\bin\server\jvm.dll
0x00007ff8212d0000 - 0x00007ff8212d8000 	C:\Windows\System32\PSAPI.DLL
0x00007ff8041e0000 - 0x00007ff804207000 	C:\Windows\SYSTEM32\WINMM.dll
0x00007ffffb690000 - 0x00007ffffb699000 	C:\Windows\SYSTEM32\WSOCK32.dll
0x00007ff820900000 - 0x00007ff82096b000 	C:\Windows\System32\WS2_32.dll
0x00007ff81d3f0000 - 0x00007ff81d402000 	C:\Windows\SYSTEM32\kernel.appcore.dll
0x00007ff816850000 - 0x00007ff81685a000 	C:\Program Files\Java\jdk-17\bin\jimage.dll
0x00007ff81c930000 - 0x00007ff81cb14000 	C:\Windows\SYSTEM32\DBGHELP.DLL
0x00007fffffa00000 - 0x00007fffffa34000 	C:\Windows\SYSTEM32\dbgcore.DLL
0x00007ff81f020000 - 0x00007ff81f0a2000 	C:\Windows\System32\bcryptPrimitives.dll
0x00007ff816670000 - 0x00007ff81667e000 	C:\Program Files\Java\jdk-17\bin\instrument.dll
0x00007ff816640000 - 0x00007ff816665000 	C:\Program Files\Java\jdk-17\bin\java.dll
0x00007ff804610000 - 0x00007ff8046e6000 	C:\Program Files\Java\jdk-17\bin\svml.dll
0x00007ff81f910000 - 0x00007ff82007f000 	C:\Windows\System32\SHELL32.dll
0x00007ff81cc40000 - 0x00007ff81d3df000 	C:\Windows\SYSTEM32\windows.storage.dll
0x00007ff8209a0000 - 0x00007ff820cf3000 	C:\Windows\System32\combase.dll
0x00007ff81e640000 - 0x00007ff81e66e000 	C:\Windows\SYSTEM32\Wldp.dll
0x00007ff81f700000 - 0x00007ff81f7cd000 	C:\Windows\System32\OLEAUT32.dll
0x00007ff81f650000 - 0x00007ff81f6fd000 	C:\Windows\System32\SHCORE.dll
0x00007ff821270000 - 0x00007ff8212c5000 	C:\Windows\System32\shlwapi.dll
0x00007ff81eb50000 - 0x00007ff81eb74000 	C:\Windows\SYSTEM32\profapi.dll
0x00007ff816610000 - 0x00007ff816628000 	C:\Program Files\Java\jdk-17\bin\zip.dll
0x00007ff8165f0000 - 0x00007ff816609000 	C:\Program Files\Java\jdk-17\bin\net.dll
0x00007ff8171b0000 - 0x00007ff8172bd000 	C:\Windows\SYSTEM32\WINHTTP.dll
0x00007ff81e3a0000 - 0x00007ff81e40a000 	C:\Windows\system32\mswsock.dll
0x00007ff816370000 - 0x00007ff816385000 	C:\Program Files\Java\jdk-17\bin\nio.dll
0x00007ff815390000 - 0x00007ff8153aa000 	D:\InstslledSoftware\JAVA Intelij IDEA\IntelliJ IDEA Community Edition 2024.2\bin\breakgen64.dll
0x00007ff802ff0000 - 0x00007ff80317f000 	C:\Program Files\Java\jdk-17\bin\awt.dll
0x00007ff816140000 - 0x00007ff8161d4000 	C:\Windows\SYSTEM32\apphelp.dll
0x00007ff81c2b0000 - 0x00007ff81c2df000 	C:\Windows\system32\DWMAPI.DLL
0x00007ff81c0b0000 - 0x00007ff81c14e000 	C:\Windows\system32\uxtheme.dll
0x00007fffe5840000 - 0x00007fffe5968000 	C:\Windows\system32\opengl32.dll
0x00007fffe57d0000 - 0x00007fffe57fc000 	C:\Windows\SYSTEM32\GLU32.dll
0x00007ff820630000 - 0x00007ff820744000 	C:\Windows\System32\MSCTF.dll
0x00007ff820220000 - 0x00007ff82034b000 	C:\Windows\System32\ole32.dll
0x00007ff81e590000 - 0x00007ff81e5a8000 	C:\Windows\SYSTEM32\CRYPTSP.dll
0x00007ff81dc20000 - 0x00007ff81dc54000 	C:\Windows\system32\rsaenh.dll
0x00007ff81eb00000 - 0x00007ff81eb2e000 	C:\Windows\SYSTEM32\USERENV.dll
0x00007ff81e5b0000 - 0x00007ff81e5bc000 	C:\Windows\SYSTEM32\CRYPTBASE.dll
0x00007ff81e030000 - 0x00007ff81e06b000 	C:\Windows\SYSTEM32\IPHLPAPI.DLL
0x00007ff820210000 - 0x00007ff820218000 	C:\Windows\System32\NSI.dll
0x00007ff8143e0000 - 0x00007ff8143f7000 	C:\Windows\SYSTEM32\dhcpcsvc6.DLL
0x00007ff8141f0000 - 0x00007ff81420d000 	C:\Windows\SYSTEM32\dhcpcsvc.DLL
0x00007ff81e070000 - 0x00007ff81e13a000 	C:\Windows\SYSTEM32\DNSAPI.dll
0x00007ff813cf0000 - 0x00007ff813d01000 	C:\Program Files\Java\jdk-17\bin\jsound.dll
0x00007ff804b80000 - 0x00007ff804c1c000 	C:\Windows\SYSTEM32\DSOUND.dll
0x00007ff801bf0000 - 0x00007ff801c16000 	C:\Windows\SYSTEM32\winmmbase.dll
0x00007ff81e1b0000 - 0x00007ff81e1fb000 	C:\Windows\SYSTEM32\powrprof.dll
0x00007ff81e010000 - 0x00007ff81e022000 	C:\Windows\SYSTEM32\UMPDC.dll
0x00007ff8212e0000 - 0x00007ff821389000 	C:\Windows\System32\clbcatq.dll
0x00007ff814160000 - 0x00007ff8141e5000 	C:\Windows\System32\MMDevApi.dll
0x00007ff81e9c0000 - 0x00007ff81e9f3000 	C:\Windows\System32\DEVOBJ.dll
0x00007ff81f480000 - 0x00007ff81f4ce000 	C:\Windows\System32\cfgmgr32.dll
0x00007ff807620000 - 0x00007ff807666000 	C:\Windows\SYSTEM32\wdmaud.drv
0x00007ff815e40000 - 0x00007ff815e4a000 	C:\Windows\SYSTEM32\AVRT.dll
0x00007ff816350000 - 0x00007ff816359000 	C:\Windows\SYSTEM32\ksuser.dll
0x00007ff814210000 - 0x00007ff814391000 	C:\Windows\SYSTEM32\AUDIOSES.DLL
0x00007ff816360000 - 0x00007ff81636d000 	C:\Windows\SYSTEM32\msacm32.drv
0x00007ff813c70000 - 0x00007ff813c8e000 	C:\Windows\SYSTEM32\MSACM32.dll
0x00007ff813e10000 - 0x00007ff813e1b000 	C:\Windows\SYSTEM32\midimap.dll
0x00007ff81c290000 - 0x00007ff81c2a4000 	C:\Windows\SYSTEM32\resourcepolicyclient.dll
0x00007ff803af0000 - 0x00007ff803b79000 	C:\Program Files\Java\jdk-17\bin\freetype.dll
0x00007ff800160000 - 0x00007ff800208000 	C:\Program Files\Java\jdk-17\bin\fontmanager.dll
0x00007ff80fce0000 - 0x00007ff80fe1f000 	C:\Windows\System32\Windows.UI.dll
0x00007ff80fc30000 - 0x00007ff80fcd1000 	C:\Windows\System32\WindowManagementAPI.dll
0x00007ff80fb30000 - 0x00007ff80fc29000 	C:\Windows\System32\TextInputFramework.dll
0x00007ff80f9d0000 - 0x00007ff80fb22000 	C:\Windows\System32\InputHost.dll
0x00007ff817680000 - 0x00007ff8177d7000 	C:\Windows\SYSTEM32\wintypes.dll
0x00007ff813160000 - 0x00007ff813363000 	C:\Windows\SYSTEM32\twinapi.appcore.dll
0x00007ff815440000 - 0x00007ff81579b000 	C:\Windows\System32\CoreUIComponents.dll
0x00007ff815b20000 - 0x00007ff815c12000 	C:\Windows\System32\CoreMessaging.dll
0x00007ff817810000 - 0x00007ff817906000 	C:\Windows\System32\PROPSYS.dll
0x00007ff81dd50000 - 0x00007ff81dd83000 	C:\Windows\SYSTEM32\ntmarta.dll

dbghelp: loaded successfully - version: 4.0.5 - missing functions: none
symbol engine: initialized successfully - sym options: 0x614 - pdb path: .;C:\Program Files\Java\jdk-17\bin;C:\Windows\SYSTEM32;C:\Windows\WinSxS\amd64_microsoft.windows.common-controls_6595b64144ccf1df_6.0.19041.4355_none_60b8b9eb71f62e16;C:\Program Files\Java\jdk-17\bin\server;D:\InstslledSoftware\JAVA Intelij IDEA\IntelliJ IDEA Community Edition 2024.2\bin

VM Arguments:
jvm_args: -javaagent:D:\InstslledSoftware\JAVA Intelij IDEA\IntelliJ IDEA Community Edition 2024.2\lib\idea_rt.jar=9376:D:\InstslledSoftware\JAVA Intelij IDEA\IntelliJ IDEA Community Edition 2024.2\bin -Dfile.encoding=UTF-8 
java_command: main.Main
java_class_path (initial): D:\Code\Java\intelij\rpg_game\target\classes
Launcher Type: SUN_STANDARD

[Global flags]
     intx CICompilerCount                          = 4                                         {product} {ergonomic}
     uint ConcGCThreads                            = 2                                         {product} {ergonomic}
     uint G1ConcRefinementThreads                  = 8                                         {product} {ergonomic}
   size_t G1HeapRegionSize                         = 1048576                                   {product} {ergonomic}
    uintx GCDrainStackTargetSize                   = 64                                        {product} {ergonomic}
   size_t InitialHeapSize                          = 130023424                                 {product} {ergonomic}
   size_t MarkStackSize                            = 4194304                                   {product} {ergonomic}
   size_t MaxHeapSize                              = 2067791872                                {product} {ergonomic}
   size_t MaxNewSize                               = 1240465408                                {product} {ergonomic}
   size_t MinHeapDeltaBytes                        = 1048576                                   {product} {ergonomic}
   size_t MinHeapSize                              = 8388608                                   {product} {ergonomic}
    uintx NonNMethodCodeHeapSize                   = 5839372                                {pd product} {ergonomic}
    uintx NonProfiledCodeHeapSize                  = 122909434                              {pd product} {ergonomic}
    uintx ProfiledCodeHeapSize                     = 122909434                              {pd product} {ergonomic}
    uintx ReservedCodeCacheSize                    = 251658240                              {pd product} {ergonomic}
     bool SegmentedCodeCache                       = true                                      {product} {ergonomic}
   size_t SoftMaxHeapSize                          = 2067791872                             {manageable} {ergonomic}
     bool UseCompressedClassPointers               = true                           {product lp64_product} {ergonomic}
     bool UseCompressedOops                        = true                           {product lp64_product} {ergonomic}
     bool UseG1GC                                  = true                                      {product} {ergonomic}
     bool UseLargePagesIndividualAllocation        = false                                  {pd product} {ergonomic}

Logging:
Log output configuration:
 #0: stdout all=warning uptime,level,tags
 #1: stderr all=off uptime,level,tags

Environment Variables:
PATH=D:\InstslledSoftware\Oracle\app\oracle\product\11.2.0\server\bin;C:\Program Files\Common Files\Oracle\Java\javapath;C:\Program Files (x86)\Common Files\Oracle\Java\java8path;C:\Windows\system32;C:\Windows;C:\Windows\System32\Wbem;C:\Windows\System32\WindowsPowerShell\v1.0\;C:\Windows\System32\OpenSSH\;C:\Program Files\dotnet\;C:\Program Files\PuTTY\;C:\Program Files (x86)\QuickTime\QTSystem\;C:\Program Files\Memurai\;C:\Program Files (x86)\NVIDIA Corporation\PhysX\Common;C:\Program Files\Redis\;D:\Software\mingw64\bin;C:\Program Files\Git\cmd;C:\Program Files\MySQL\MySQL Server 8.0\bin;D:\InstslledSoftware\Matlab\bin;;C:\Program Files\Docker\Docker\resources\bin;C:\Users\soumy\AppData\Local\Programs\Python\Python38-32\Scripts\;C:\Users\soumy\AppData\Local\Programs\Python\Python38-32\;C:\Users\soumy\AppData\Local\Programs\Python\Python37-32\Scripts\;C:\Users\soumy\AppData\Local\Programs\Python\Python37-32\;C:\Users\soumy\AppData\Local\Microsoft\WindowsApps;C:\Program Files\MinGW\bin;C:\Program Files\SFML-2.5.1\bin;C:\Program Files\SFML-2.5.1;C:\Program Files\SFML-2.5.1\include;C:\Program Files\SFML-2.5.1\include\SFML;C:\Users\soumy\.dotnet\tools;C:\Users\soumy\AppData\Roaming\npm;D:\InstslledSoftware\Microsoft VS Code\bin;C:\Users\soumy\AppData\Local\atom\bin;D:\Academic\Codes\tools\opencv\build\x64\vc15\bin;D:\Academic\Codes\tools\opencv\build\x64\vc14\bin;C:\msys64\mingw64\bin;D:\InstslledSoftware\flutter\bin;C:\Users\soumy\Downloads\kotlin-compiler-1.8.10\kotlinc\bin;D:\InstslledSoftware\MongoSH\;D:\InstslledSoftware\neovim\bin;D:\InstslledSoftware\apache-maven-3.9.9\bin;
USERNAME=soumy
OS=Windows_NT
PROCESSOR_IDENTIFIER=Intel64 Family 6 Model 126 Stepping 5, GenuineIntel



---------------  S Y S T E M  ---------------

OS:
 Windows 10 , 64 bit Build 19041 (10.0.19041.4717)
OS uptime: 11 days 20:31 hours
Hyper-V role detected

CPU: total 8 (initial active 8) (4 cores per cpu, 2 threads per core) family 6 model 126 stepping 5 microcode 0xa0, cx8, cmov, fxsr, ht, mmx, 3dnowpref, sse, sse2, sse3, ssse3, sse4.1, sse4.2, popcnt, lzcnt, tsc, tscinvbit, avx, avx2, aes, erms, clmul, bmi1, bmi2, adx, avx512f, avx512dq, avx512cd, avx512bw, avx512vl, sha, fma, vzeroupper, avx512_vpopcntdq, avx512_vpclmulqdq, avx512_vaes, avx512_vnni, clflush, clflushopt, avx512_vbmi2, avx512_vbmi, hv

Memory: 4k page, system-wide physical 7883M (790M free)
TotalPageFile size 28426M (AvailPageFile size 12M)
current process WorkingSet (physical memory assigned to process): 88M, peak: 111M
current process commit charge ("private bytes"): 223M, peak: 247M

vm_info: Java HotSpot(TM) 64-Bit Server VM (17+35-LTS-2724) for windows-amd64 JRE (17+35-LTS-2724), built on Aug  5 2021 23:28:28 by "mach5one" with MS VC++ 16.8 (VS2019)

END.
